TpTrace Verbose: 0 : 34516, 1, 2022/10/09, 13:16:51.027, 1889129222521, vstest.console.dll, Version: 17.3.0 Current process architecture: X64
TpTrace Verbose: 0 : 34516, 1, 2022/10/09, 13:16:51.029, 1889129243236, vstest.console.dll, Runtime location: C:\Program Files\dotnet\shared\Microsoft.NETCore.App\6.0.9
TpTrace Information: 0 : 34516, 1, 2022/10/09, 13:16:51.034, 1889129290428, vstest.console.dll, FilePatternParser: The given file D:\Cognizant\CDE\Project\CollateralManagement\CollateralManagementTest\bin\Debug\net5.0\fine-code-coverage\build-output\CollateralManagementTest.dll is a full path.
TpTrace Verbose: 0 : 34516, 1, 2022/10/09, 13:16:51.038, 1889129331094, vstest.console.dll, TestPluginCache.DiscoverTestExtensions: finding test extensions in assemblies ends with: RuntimeProvider.dll TPluginInfo: Microsoft.VisualStudio.TestPlatform.Common.ExtensionFramework.Utilities.TestRuntimePluginInformation TExtension: Microsoft.VisualStudio.TestPlatform.ObjectModel.Host.ITestRuntimeProvider
TpTrace Verbose: 0 : 34516, 1, 2022/10/09, 13:16:51.038, 1889129334172, vstest.console.dll, TestPluginCache.GetExtensionPaths: Filtered extension paths: 
TpTrace Verbose: 0 : 34516, 1, 2022/10/09, 13:16:51.039, 1889129334773, vstest.console.dll, TestPluginCache.GetExtensionPaths: Added default extension paths: C:\Program Files\dotnet\sdk\6.0.401\Extensions\Microsoft.Diagnostics.NETCore.Client.dll
C:\Program Files\dotnet\sdk\6.0.401\Extensions\Microsoft.TestPlatform.Extensions.BlameDataCollector.dll
C:\Program Files\dotnet\sdk\6.0.401\Extensions\Microsoft.TestPlatform.Extensions.EventLogCollector.dll
C:\Program Files\dotnet\sdk\6.0.401\Extensions\Microsoft.TestPlatform.TestHostRuntimeProvider.dll
C:\Program Files\dotnet\sdk\6.0.401\Extensions\Microsoft.VisualStudio.TestPlatform.Extensions.Html.TestLogger.dll
C:\Program Files\dotnet\sdk\6.0.401\Extensions\Microsoft.VisualStudio.TestPlatform.Extensions.Trx.TestLogger.dll
TpTrace Verbose: 0 : 34516, 1, 2022/10/09, 13:16:51.039, 1889129334949, vstest.console.dll, TestPluginCache.GetExtensionPaths: Added unfilterableExtensionPaths: 
TpTrace Information: 0 : 34516, 1, 2022/10/09, 13:16:51.039, 1889129339642, vstest.console.dll, AssemblyResolver.ctor: Creating AssemblyResolver with searchDirectories C:\Program Files\dotnet\sdk\6.0.401\Extensions,C:\Program Files\dotnet\sdk\6.0.401
TpTrace Verbose: 0 : 34516, 1, 2022/10/09, 13:16:51.040, 1889129346390, vstest.console.dll, TestPluginCache.DiscoverTestExtensions: Discovering the extensions using extension path.
TpTrace Verbose: 0 : 34516, 1, 2022/10/09, 13:16:51.040, 1889129347336, vstest.console.dll, TestPluginCache.GetExtensionPaths: Filtered extension paths: 
TpTrace Verbose: 0 : 34516, 1, 2022/10/09, 13:16:51.040, 1889129347664, vstest.console.dll, TestPluginCache.GetExtensionPaths: Added default extension paths: C:\Program Files\dotnet\sdk\6.0.401\Extensions\Microsoft.Diagnostics.NETCore.Client.dll
C:\Program Files\dotnet\sdk\6.0.401\Extensions\Microsoft.TestPlatform.Extensions.BlameDataCollector.dll
C:\Program Files\dotnet\sdk\6.0.401\Extensions\Microsoft.TestPlatform.Extensions.EventLogCollector.dll
C:\Program Files\dotnet\sdk\6.0.401\Extensions\Microsoft.TestPlatform.TestHostRuntimeProvider.dll
C:\Program Files\dotnet\sdk\6.0.401\Extensions\Microsoft.VisualStudio.TestPlatform.Extensions.Html.TestLogger.dll
C:\Program Files\dotnet\sdk\6.0.401\Extensions\Microsoft.VisualStudio.TestPlatform.Extensions.Trx.TestLogger.dll
TpTrace Verbose: 0 : 34516, 1, 2022/10/09, 13:16:51.040, 1889129347887, vstest.console.dll, TestPluginCache.GetExtensionPaths: Added unfilterableExtensionPaths: 
TpTrace Verbose: 0 : 34516, 1, 2022/10/09, 13:16:51.040, 1889129348477, vstest.console.dll, TestPluginCache.DiscoverTestExtensions: Discovering the extensions using allExtensionPaths: C:\Program Files\dotnet\sdk\6.0.401\Extensions\Microsoft.Diagnostics.NETCore.Client.dll
C:\Program Files\dotnet\sdk\6.0.401\Extensions\Microsoft.TestPlatform.Extensions.BlameDataCollector.dll
C:\Program Files\dotnet\sdk\6.0.401\Extensions\Microsoft.TestPlatform.Extensions.EventLogCollector.dll
C:\Program Files\dotnet\sdk\6.0.401\Extensions\Microsoft.TestPlatform.TestHostRuntimeProvider.dll
C:\Program Files\dotnet\sdk\6.0.401\Extensions\Microsoft.VisualStudio.TestPlatform.Extensions.Html.TestLogger.dll
C:\Program Files\dotnet\sdk\6.0.401\Extensions\Microsoft.VisualStudio.TestPlatform.Extensions.Trx.TestLogger.dll
TpTrace Information: 0 : 34516, 1, 2022/10/09, 13:16:51.040, 1889129349690, vstest.console.dll, AssemblyResolver.AddSearchDirectories: Adding more searchDirectories C:\Program Files\dotnet\sdk\6.0.401\Extensions,C:\Program Files\dotnet\sdk\6.0.401
TpTrace Information: 0 : 34516, 1, 2022/10/09, 13:16:51.040, 1889129350116, vstest.console.dll, AssemblyResolver.AddSearchDirectories: Adding more searchDirectories C:\Program Files\dotnet\sdk\6.0.401\Extensions,C:\Program Files\dotnet\sdk\6.0.401
TpTrace Information: 0 : 34516, 1, 2022/10/09, 13:16:51.040, 1889129350342, vstest.console.dll, AssemblyResolver.AddSearchDirectories: Adding more searchDirectories C:\Program Files\dotnet\sdk\6.0.401\Extensions,C:\Program Files\dotnet\sdk\6.0.401
TpTrace Information: 0 : 34516, 1, 2022/10/09, 13:16:51.040, 1889129350551, vstest.console.dll, AssemblyResolver.AddSearchDirectories: Adding more searchDirectories C:\Program Files\dotnet\sdk\6.0.401\Extensions,C:\Program Files\dotnet\sdk\6.0.401
TpTrace Information: 0 : 34516, 1, 2022/10/09, 13:16:51.040, 1889129350748, vstest.console.dll, AssemblyResolver.AddSearchDirectories: Adding more searchDirectories C:\Program Files\dotnet\sdk\6.0.401\Extensions,C:\Program Files\dotnet\sdk\6.0.401
TpTrace Information: 0 : 34516, 1, 2022/10/09, 13:16:51.040, 1889129350983, vstest.console.dll, AssemblyResolver.AddSearchDirectories: Adding more searchDirectories C:\Program Files\dotnet\sdk\6.0.401\Extensions,C:\Program Files\dotnet\sdk\6.0.401
TpTrace Information: 0 : 34516, 1, 2022/10/09, 13:16:51.040, 1889129354381, vstest.console.dll, AssemblyResolver.OnResolve: Microsoft.Diagnostics.NETCore.Client: Resolving assembly.
TpTrace Information: 0 : 34516, 1, 2022/10/09, 13:16:51.041, 1889129354999, vstest.console.dll, AssemblyResolver.OnResolve: Microsoft.Diagnostics.NETCore.Client: Searching in: 'C:\Program Files\dotnet\sdk\6.0.401\Extensions'.
TpTrace Information: 0 : 34516, 1, 2022/10/09, 13:16:51.041, 1889129361286, vstest.console.dll, AssemblyResolver.OnResolve: Microsoft.Diagnostics.NETCore.Client: Loading assembly 'C:\Program Files\dotnet\sdk\6.0.401\Extensions\Microsoft.Diagnostics.NETCore.Client.dll'.
TpTrace Information: 0 : 34516, 1, 2022/10/09, 13:16:51.042, 1889129366980, vstest.console.dll, AssemblyResolver.OnResolve: Resolved assembly: Microsoft.Diagnostics.NETCore.Client, from path: C:\Program Files\dotnet\sdk\6.0.401\Extensions\Microsoft.Diagnostics.NETCore.Client.dll
TpTrace Verbose: 0 : 34516, 1, 2022/10/09, 13:16:51.045, 1889129403127, vstest.console.dll, MetadataReaderExtensionsHelper: Discovering extensions inside assembly 'Microsoft.Diagnostics.NETCore.Client, Version=0.2.5.801, Culture=neutral, PublicKeyToken=31bf3856ad364e35' file path 'C:\Program Files\dotnet\sdk\6.0.401\Extensions\Microsoft.Diagnostics.NETCore.Client.dll'
TpTrace Information: 0 : 34516, 1, 2022/10/09, 13:16:51.052, 1889129474103, vstest.console.dll, AssemblyResolver.OnResolve: Microsoft.Bcl.AsyncInterfaces: Resolving assembly.
TpTrace Information: 0 : 34516, 1, 2022/10/09, 13:16:51.053, 1889129475308, vstest.console.dll, AssemblyResolver.OnResolve: Microsoft.Bcl.AsyncInterfaces: Searching in: 'C:\Program Files\dotnet\sdk\6.0.401\Extensions'.
TpTrace Information: 0 : 34516, 1, 2022/10/09, 13:16:51.053, 1889129475995, vstest.console.dll, AssemblyResolver.OnResolve: Microsoft.Bcl.AsyncInterfaces: Assembly path does not exist: 'C:\Program Files\dotnet\sdk\6.0.401\Extensions\Microsoft.Bcl.AsyncInterfaces.dll', returning.
TpTrace Information: 0 : 34516, 1, 2022/10/09, 13:16:51.053, 1889129476369, vstest.console.dll, AssemblyResolver.OnResolve: Microsoft.Bcl.AsyncInterfaces: Assembly path does not exist: 'C:\Program Files\dotnet\sdk\6.0.401\Extensions\Microsoft.Bcl.AsyncInterfaces.exe', returning.
TpTrace Information: 0 : 34516, 1, 2022/10/09, 13:16:51.053, 1889129477102, vstest.console.dll, AssemblyResolver.OnResolve: Microsoft.Bcl.AsyncInterfaces: Searching in: 'C:\Program Files\dotnet\sdk\6.0.401'.
TpTrace Information: 0 : 34516, 1, 2022/10/09, 13:16:51.053, 1889129477500, vstest.console.dll, AssemblyResolver.OnResolve: Microsoft.Bcl.AsyncInterfaces: Assembly path does not exist: 'C:\Program Files\dotnet\sdk\6.0.401\Microsoft.Bcl.AsyncInterfaces.dll', returning.
TpTrace Information: 0 : 34516, 1, 2022/10/09, 13:16:51.053, 1889129477767, vstest.console.dll, AssemblyResolver.OnResolve: Microsoft.Bcl.AsyncInterfaces: Assembly path does not exist: 'C:\Program Files\dotnet\sdk\6.0.401\Microsoft.Bcl.AsyncInterfaces.exe', returning.
TpTrace Information: 0 : 34516, 1, 2022/10/09, 13:16:51.053, 1889129477926, vstest.console.dll, AssemblyResolver.OnResolve: Microsoft.Bcl.AsyncInterfaces: Failed to load assembly.
TpTrace Verbose: 0 : 34516, 1, 2022/10/09, 13:16:51.053, 1889129478266, vstest.console.dll, CurrentDomainAssemblyResolve: Resolving assembly 'Microsoft.Bcl.AsyncInterfaces'.
TpTrace Information: 0 : 34516, 1, 2022/10/09, 13:16:51.053, 1889129478673, vstest.console.dll, AssemblyResolver.OnResolve: Microsoft.Bcl.AsyncInterfaces: Resolving assembly.
TpTrace Information: 0 : 34516, 1, 2022/10/09, 13:16:51.053, 1889129478874, vstest.console.dll, AssemblyResolver.OnResolve: Microsoft.Bcl.AsyncInterfaces: Resolved from cache.
TpTrace Verbose: 0 : 34516, 1, 2022/10/09, 13:16:51.053, 1889129479017, vstest.console.dll, CurrentDomainAssemblyResolve: Resolving assembly 'Microsoft.Bcl.AsyncInterfaces'.
TpTrace Verbose: 0 : 34516, 1, 2022/10/09, 13:16:51.053, 1889129479336, vstest.console.dll, CurrentDomainAssemblyResolve: Failed to resolve assembly 'Microsoft.Bcl.AsyncInterfaces'.
TpTrace Verbose: 0 : 34516, 1, 2022/10/09, 13:16:51.053, 1889129483072, vstest.console.dll, CurrentDomainAssemblyResolve: Failed to resolve assembly 'Microsoft.Bcl.AsyncInterfaces'.
TpTrace Warning: 0 : 34516, 1, 2022/10/09, 13:16:51.063, 1889129574880, vstest.console.dll, TestPluginDiscoverer: Failed to get types from assembly 'Microsoft.Diagnostics.NETCore.Client, Version=0.2.5.801, Culture=neutral, PublicKeyToken=31bf3856ad364e35'. Error: System.Reflection.ReflectionTypeLoadException: Unable to load one or more of the requested types.
Could not load file or assembly 'Microsoft.Bcl.AsyncInterfaces, Version=1.0.0.0, Culture=neutral, PublicKeyToken=cc7b13ffcd2ddd51'. The system cannot find the file specified.
   at System.Reflection.RuntimeModule.GetTypes(RuntimeModule module)
   at System.Reflection.Assembly.GetTypes()
   at Microsoft.VisualStudio.TestPlatform.Common.ExtensionFramework.TestPluginDiscoverer.GetTestExtensionsFromAssembly[TPluginInfo,TExtension](Assembly assembly, Dictionary`2 pluginInfos, String filePath)
System.IO.FileNotFoundException: Could not load file or assembly 'Microsoft.Bcl.AsyncInterfaces, Version=1.0.0.0, Culture=neutral, PublicKeyToken=cc7b13ffcd2ddd51'. The system cannot find the file specified.
File name: 'Microsoft.Bcl.AsyncInterfaces, Version=1.0.0.0, Culture=neutral, PublicKeyToken=cc7b13ffcd2ddd51'
 ---> System.IO.FileNotFoundException: Could not load file or assembly 'Microsoft.Bcl.AsyncInterfaces, Culture=neutral, PublicKeyToken=null'. The system cannot find the file specified.
File name: 'Microsoft.Bcl.AsyncInterfaces, Culture=neutral, PublicKeyToken=null'
   at System.Reflection.RuntimeAssembly.InternalLoad(ObjectHandleOnStack assemblyName, ObjectHandleOnStack requestingAssembly, StackCrawlMarkHandle stackMark, Boolean throwOnFileNotFound, ObjectHandleOnStack assemblyLoadContext, ObjectHandleOnStack retAssembly)
   at System.Reflection.RuntimeAssembly.InternalLoad(AssemblyName assemblyName, RuntimeAssembly requestingAssembly, StackCrawlMark& stackMark, Boolean throwOnFileNotFound, AssemblyLoadContext assemblyLoadContext)
   at System.Reflection.Assembly.Load(AssemblyName assemblyRef)
   at Microsoft.VisualStudio.TestPlatform.Common.ExtensionFramework.TestPluginCache.CurrentDomainAssemblyResolve(Object sender, AssemblyResolveEventArgs args)
   at Microsoft.VisualStudio.TestPlatform.PlatformAbstractions.PlatformAssemblyResolver.AssemblyResolverEvent(Object sender, Object eventArgs)
   at System.Runtime.Loader.AssemblyLoadContext.GetFirstResolvedAssemblyFromResolvingEvent(AssemblyName assemblyName)
   at System.Runtime.Loader.AssemblyLoadContext.ResolveUsingEvent(AssemblyName assemblyName)
   at System.Runtime.Loader.AssemblyLoadContext.ResolveUsingResolvingEvent(IntPtr gchManagedAssemblyLoadContext, AssemblyName assemblyName)
TpTrace Warning: 0 : 34516, 1, 2022/10/09, 13:16:51.063, 1889129577536, vstest.console.dll, LoaderExceptions: System.IO.FileNotFoundException: Could not load file or assembly 'Microsoft.Bcl.AsyncInterfaces, Version=1.0.0.0, Culture=neutral, PublicKeyToken=cc7b13ffcd2ddd51'. The system cannot find the file specified.
File name: 'Microsoft.Bcl.AsyncInterfaces, Version=1.0.0.0, Culture=neutral, PublicKeyToken=cc7b13ffcd2ddd51'
 ---> System.IO.FileNotFoundException: Could not load file or assembly 'Microsoft.Bcl.AsyncInterfaces, Culture=neutral, PublicKeyToken=null'. The system cannot find the file specified.
File name: 'Microsoft.Bcl.AsyncInterfaces, Culture=neutral, PublicKeyToken=null'
   at System.Reflection.RuntimeAssembly.InternalLoad(ObjectHandleOnStack assemblyName, ObjectHandleOnStack requestingAssembly, StackCrawlMarkHandle stackMark, Boolean throwOnFileNotFound, ObjectHandleOnStack assemblyLoadContext, ObjectHandleOnStack retAssembly)
   at System.Reflection.RuntimeAssembly.InternalLoad(AssemblyName assemblyName, RuntimeAssembly requestingAssembly, StackCrawlMark& stackMark, Boolean throwOnFileNotFound, AssemblyLoadContext assemblyLoadContext)
   at System.Reflection.Assembly.Load(AssemblyName assemblyRef)
   at Microsoft.VisualStudio.TestPlatform.Common.ExtensionFramework.TestPluginCache.CurrentDomainAssemblyResolve(Object sender, AssemblyResolveEventArgs args)
   at Microsoft.VisualStudio.TestPlatform.PlatformAbstractions.PlatformAssemblyResolver.AssemblyResolverEvent(Object sender, Object eventArgs)
   at System.Runtime.Loader.AssemblyLoadContext.GetFirstResolvedAssemblyFromResolvingEvent(AssemblyName assemblyName)
   at System.Runtime.Loader.AssemblyLoadContext.ResolveUsingEvent(AssemblyName assemblyName)
   at System.Runtime.Loader.AssemblyLoadContext.ResolveUsingResolvingEvent(IntPtr gchManagedAssemblyLoadContext, AssemblyName assemblyName)
TpTrace Information: 0 : 34516, 1, 2022/10/09, 13:16:51.063, 1889129578564, vstest.console.dll, AssemblyResolver.OnResolve: Microsoft.TestPlatform.Extensions.BlameDataCollector: Resolving assembly.
TpTrace Information: 0 : 34516, 1, 2022/10/09, 13:16:51.063, 1889129578775, vstest.console.dll, AssemblyResolver.OnResolve: Microsoft.TestPlatform.Extensions.BlameDataCollector: Searching in: 'C:\Program Files\dotnet\sdk\6.0.401\Extensions'.
TpTrace Information: 0 : 34516, 1, 2022/10/09, 13:16:51.063, 1889129582431, vstest.console.dll, AssemblyResolver.OnResolve: Microsoft.TestPlatform.Extensions.BlameDataCollector: Loading assembly 'C:\Program Files\dotnet\sdk\6.0.401\Extensions\Microsoft.TestPlatform.Extensions.BlameDataCollector.dll'.
TpTrace Information: 0 : 34516, 1, 2022/10/09, 13:16:51.064, 1889129586301, vstest.console.dll, AssemblyResolver.OnResolve: Resolved assembly: Microsoft.TestPlatform.Extensions.BlameDataCollector, from path: C:\Program Files\dotnet\sdk\6.0.401\Extensions\Microsoft.TestPlatform.Extensions.BlameDataCollector.dll
TpTrace Verbose: 0 : 34516, 1, 2022/10/09, 13:16:51.064, 1889129586787, vstest.console.dll, MetadataReaderExtensionsHelper: Discovering extensions inside assembly 'Microsoft.TestPlatform.Extensions.BlameDataCollector, Version=15.0.0.0, Culture=neutral, PublicKeyToken=b03f5f7f11d50a3a' file path 'C:\Program Files\dotnet\sdk\6.0.401\Extensions\Microsoft.TestPlatform.Extensions.BlameDataCollector.dll'
TpTrace Information: 0 : 34516, 1, 2022/10/09, 13:16:51.065, 1889129596135, vstest.console.dll, AssemblyResolver.OnResolve: Microsoft.TestPlatform.Extensions.EventLogCollector: Resolving assembly.
TpTrace Information: 0 : 34516, 1, 2022/10/09, 13:16:51.065, 1889129596751, vstest.console.dll, AssemblyResolver.OnResolve: Microsoft.TestPlatform.Extensions.EventLogCollector: Searching in: 'C:\Program Files\dotnet\sdk\6.0.401\Extensions'.
TpTrace Information: 0 : 34516, 1, 2022/10/09, 13:16:51.065, 1889129600588, vstest.console.dll, AssemblyResolver.OnResolve: Microsoft.TestPlatform.Extensions.EventLogCollector: Loading assembly 'C:\Program Files\dotnet\sdk\6.0.401\Extensions\Microsoft.TestPlatform.Extensions.EventLogCollector.dll'.
TpTrace Information: 0 : 34516, 1, 2022/10/09, 13:16:51.065, 1889129604047, vstest.console.dll, AssemblyResolver.OnResolve: Resolved assembly: Microsoft.TestPlatform.Extensions.EventLogCollector, from path: C:\Program Files\dotnet\sdk\6.0.401\Extensions\Microsoft.TestPlatform.Extensions.EventLogCollector.dll
TpTrace Verbose: 0 : 34516, 1, 2022/10/09, 13:16:51.065, 1889129604427, vstest.console.dll, MetadataReaderExtensionsHelper: Discovering extensions inside assembly 'Microsoft.TestPlatform.Extensions.EventLogCollector, Version=15.0.0.0, Culture=neutral, PublicKeyToken=b03f5f7f11d50a3a' file path 'C:\Program Files\dotnet\sdk\6.0.401\Extensions\Microsoft.TestPlatform.Extensions.EventLogCollector.dll'
TpTrace Information: 0 : 34516, 1, 2022/10/09, 13:16:51.067, 1889129620769, vstest.console.dll, AssemblyResolver.OnResolve: Microsoft.TestPlatform.TestHostRuntimeProvider: Resolving assembly.
TpTrace Information: 0 : 34516, 1, 2022/10/09, 13:16:51.067, 1889129621121, vstest.console.dll, AssemblyResolver.OnResolve: Microsoft.TestPlatform.TestHostRuntimeProvider: Searching in: 'C:\Program Files\dotnet\sdk\6.0.401\Extensions'.
TpTrace Information: 0 : 34516, 1, 2022/10/09, 13:16:51.067, 1889129623968, vstest.console.dll, AssemblyResolver.OnResolve: Microsoft.TestPlatform.TestHostRuntimeProvider: Loading assembly 'C:\Program Files\dotnet\sdk\6.0.401\Extensions\Microsoft.TestPlatform.TestHostRuntimeProvider.dll'.
TpTrace Information: 0 : 34516, 1, 2022/10/09, 13:16:51.068, 1889129627145, vstest.console.dll, AssemblyResolver.OnResolve: Resolved assembly: Microsoft.TestPlatform.TestHostRuntimeProvider, from path: C:\Program Files\dotnet\sdk\6.0.401\Extensions\Microsoft.TestPlatform.TestHostRuntimeProvider.dll
TpTrace Verbose: 0 : 34516, 1, 2022/10/09, 13:16:51.068, 1889129627507, vstest.console.dll, MetadataReaderExtensionsHelper: Discovering extensions inside assembly 'Microsoft.TestPlatform.TestHostRuntimeProvider, Version=15.0.0.0, Culture=neutral, PublicKeyToken=b03f5f7f11d50a3a' file path 'C:\Program Files\dotnet\sdk\6.0.401\Extensions\Microsoft.TestPlatform.TestHostRuntimeProvider.dll'
TpTrace Information: 0 : 34516, 1, 2022/10/09, 13:16:51.069, 1889129638662, vstest.console.dll, GetTestExtensionFromType: Register extension with identifier data 'HostProvider://DefaultTestHost' and type 'Microsoft.VisualStudio.TestPlatform.CrossPlatEngine.Hosting.DefaultTestHostManager, Microsoft.TestPlatform.TestHostRuntimeProvider, Version=15.0.0.0, Culture=neutral, PublicKeyToken=b03f5f7f11d50a3a' inside file 'C:\Program Files\dotnet\sdk\6.0.401\Extensions\Microsoft.TestPlatform.TestHostRuntimeProvider.dll'
TpTrace Information: 0 : 34516, 1, 2022/10/09, 13:16:51.069, 1889129639138, vstest.console.dll, GetTestExtensionFromType: Register extension with identifier data 'HostProvider://DotnetTestHost' and type 'Microsoft.VisualStudio.TestPlatform.CrossPlatEngine.Hosting.DotnetTestHostManager, Microsoft.TestPlatform.TestHostRuntimeProvider, Version=15.0.0.0, Culture=neutral, PublicKeyToken=b03f5f7f11d50a3a' inside file 'C:\Program Files\dotnet\sdk\6.0.401\Extensions\Microsoft.TestPlatform.TestHostRuntimeProvider.dll'
TpTrace Information: 0 : 34516, 1, 2022/10/09, 13:16:51.069, 1889129639509, vstest.console.dll, AssemblyResolver.OnResolve: Microsoft.VisualStudio.TestPlatform.Extensions.Html.TestLogger: Resolving assembly.
TpTrace Information: 0 : 34516, 1, 2022/10/09, 13:16:51.069, 1889129639660, vstest.console.dll, AssemblyResolver.OnResolve: Microsoft.VisualStudio.TestPlatform.Extensions.Html.TestLogger: Searching in: 'C:\Program Files\dotnet\sdk\6.0.401\Extensions'.
TpTrace Information: 0 : 34516, 1, 2022/10/09, 13:16:51.069, 1889129643731, vstest.console.dll, AssemblyResolver.OnResolve: Microsoft.VisualStudio.TestPlatform.Extensions.Html.TestLogger: Loading assembly 'C:\Program Files\dotnet\sdk\6.0.401\Extensions\Microsoft.VisualStudio.TestPlatform.Extensions.Html.TestLogger.dll'.
TpTrace Information: 0 : 34516, 1, 2022/10/09, 13:16:51.070, 1889129647162, vstest.console.dll, AssemblyResolver.OnResolve: Resolved assembly: Microsoft.VisualStudio.TestPlatform.Extensions.Html.TestLogger, from path: C:\Program Files\dotnet\sdk\6.0.401\Extensions\Microsoft.VisualStudio.TestPlatform.Extensions.Html.TestLogger.dll
TpTrace Verbose: 0 : 34516, 1, 2022/10/09, 13:16:51.070, 1889129647545, vstest.console.dll, MetadataReaderExtensionsHelper: Discovering extensions inside assembly 'Microsoft.VisualStudio.TestPlatform.Extensions.Html.TestLogger, Version=15.0.0.0, Culture=neutral, PublicKeyToken=b03f5f7f11d50a3a' file path 'C:\Program Files\dotnet\sdk\6.0.401\Extensions\Microsoft.VisualStudio.TestPlatform.Extensions.Html.TestLogger.dll'
TpTrace Information: 0 : 34516, 1, 2022/10/09, 13:16:51.070, 1889129653458, vstest.console.dll, AssemblyResolver.OnResolve: Microsoft.VisualStudio.TestPlatform.Extensions.Trx.TestLogger: Resolving assembly.
TpTrace Information: 0 : 34516, 1, 2022/10/09, 13:16:51.070, 1889129653808, vstest.console.dll, AssemblyResolver.OnResolve: Microsoft.VisualStudio.TestPlatform.Extensions.Trx.TestLogger: Searching in: 'C:\Program Files\dotnet\sdk\6.0.401\Extensions'.
TpTrace Information: 0 : 34516, 1, 2022/10/09, 13:16:51.071, 1889129656875, vstest.console.dll, AssemblyResolver.OnResolve: Microsoft.VisualStudio.TestPlatform.Extensions.Trx.TestLogger: Loading assembly 'C:\Program Files\dotnet\sdk\6.0.401\Extensions\Microsoft.VisualStudio.TestPlatform.Extensions.Trx.TestLogger.dll'.
TpTrace Information: 0 : 34516, 1, 2022/10/09, 13:16:51.071, 1889129660465, vstest.console.dll, AssemblyResolver.OnResolve: Resolved assembly: Microsoft.VisualStudio.TestPlatform.Extensions.Trx.TestLogger, from path: C:\Program Files\dotnet\sdk\6.0.401\Extensions\Microsoft.VisualStudio.TestPlatform.Extensions.Trx.TestLogger.dll
TpTrace Verbose: 0 : 34516, 1, 2022/10/09, 13:16:51.071, 1889129661113, vstest.console.dll, MetadataReaderExtensionsHelper: Discovering extensions inside assembly 'Microsoft.VisualStudio.TestPlatform.Extensions.Trx.TestLogger, Version=15.0.0.0, Culture=neutral, PublicKeyToken=b03f5f7f11d50a3a' file path 'C:\Program Files\dotnet\sdk\6.0.401\Extensions\Microsoft.VisualStudio.TestPlatform.Extensions.Trx.TestLogger.dll'
TpTrace Verbose: 0 : 34516, 1, 2022/10/09, 13:16:51.072, 1889129666847, vstest.console.dll, TestPluginCache: Discovered the extensions using extension path ''.
TpTrace Verbose: 0 : 34516, 1, 2022/10/09, 13:16:51.072, 1889129667163, vstest.console.dll, TestPluginCache: Discoverers are ''.
TpTrace Verbose: 0 : 34516, 1, 2022/10/09, 13:16:51.072, 1889129667348, vstest.console.dll, TestPluginCache: Executors are ''.
TpTrace Verbose: 0 : 34516, 1, 2022/10/09, 13:16:51.072, 1889129667453, vstest.console.dll, TestPluginCache: Executors2 are ''.
TpTrace Verbose: 0 : 34516, 1, 2022/10/09, 13:16:51.072, 1889129667554, vstest.console.dll, TestPluginCache: Setting providers are ''.
TpTrace Verbose: 0 : 34516, 1, 2022/10/09, 13:16:51.072, 1889129667685, vstest.console.dll, TestPluginCache: Loggers are ''.
TpTrace Verbose: 0 : 34516, 1, 2022/10/09, 13:16:51.072, 1889129668465, vstest.console.dll, TestPluginCache: TestHosts are 'HostProvider://DefaultTestHost,HostProvider://DotnetTestHost'.
TpTrace Verbose: 0 : 34516, 1, 2022/10/09, 13:16:51.072, 1889129668622, vstest.console.dll, TestPluginCache: DataCollectors are ''.
TpTrace Information: 0 : 34516, 1, 2022/10/09, 13:16:51.079, 1889129735556, vstest.console.dll, RunTestsArgumentProcessor:Execute: Test run is starting.
TpTrace Verbose: 0 : 34516, 1, 2022/10/09, 13:16:51.079, 1889129736086, vstest.console.dll, RunTestsArgumentProcessor:Execute: Queuing Test run.
TpTrace Information: 0 : 34516, 1, 2022/10/09, 13:16:51.079, 1889129737621, vstest.console.dll, TestRequestManager.RunTests: run tests started.
TpTrace Information: 0 : 34516, 1, 2022/10/09, 13:16:51.080, 1889129748758, vstest.console.dll, AssemblyMetadataProvider.GetFrameworkName: Determined framework:'.NETCoreApp,Version=v5.0' for source: 'D:\Cognizant\CDE\Project\CollateralManagement\CollateralManagementTest\bin\Debug\net5.0\fine-code-coverage\build-output\CollateralManagementTest.dll'
TpTrace Information: 0 : 34516, 1, 2022/10/09, 13:16:51.080, 1889129749620, vstest.console.dll, Determined framework for all sources: .NETCoreApp,Version=v5.0
TpTrace Verbose: 0 : 34516, 1, 2022/10/09, 13:16:51.080, 1889129752847, vstest.console.dll, TestRequestManager.UpdateRunSettingsIfRequired: Default architecture: X64 IsDefaultTargetArchitecture: True, Current process architecture: X64 OperatingSystem: Windows.
TpTrace Information: 0 : 34516, 1, 2022/10/09, 13:16:51.082, 1889129767888, vstest.console.dll, AssemblyMetadataProvider.GetArchitecture: Determined architecture:AnyCPU info for assembly: D:\Cognizant\CDE\Project\CollateralManagement\CollateralManagementTest\bin\Debug\net5.0\fine-code-coverage\build-output\CollateralManagementTest.dll
TpTrace Information: 0 : 34516, 1, 2022/10/09, 13:16:51.082, 1889129768225, vstest.console.dll, Determined platform for source 'D:\Cognizant\CDE\Project\CollateralManagement\CollateralManagementTest\bin\Debug\net5.0\fine-code-coverage\build-output\CollateralManagementTest.dll' was AnyCPU and it will use the default plaform X64.
TpTrace Information: 0 : 34516, 1, 2022/10/09, 13:16:51.082, 1889129768359, vstest.console.dll, None of the sources provided any runnable platform, using the default platform: X64
TpTrace Information: 0 : 34516, 1, 2022/10/09, 13:16:51.082, 1889129768816, vstest.console.dll, Platform was updated to 'X64'.
TpTrace Information: 0 : 34516, 1, 2022/10/09, 13:16:51.084, 1889129790343, vstest.console.dll, InferRunSettingsHelper.IsTestSettingsEnabled: Unable to navigate to RunSettings/MSTest. Current node: RunSettings
TpTrace Information: 0 : 34516, 1, 2022/10/09, 13:16:51.084, 1889129794173, vstest.console.dll, AssemblyResolver.OnResolve: Microsoft.VisualStudio.TestPlatform.Fakes: Resolving assembly.
TpTrace Information: 0 : 34516, 1, 2022/10/09, 13:16:51.084, 1889129794558, vstest.console.dll, AssemblyResolver.OnResolve: Microsoft.VisualStudio.TestPlatform.Fakes: Searching in: 'C:\Program Files\dotnet\sdk\6.0.401\Extensions'.
TpTrace Information: 0 : 34516, 1, 2022/10/09, 13:16:51.085, 1889129795026, vstest.console.dll, AssemblyResolver.OnResolve: Microsoft.VisualStudio.TestPlatform.Fakes: Assembly path does not exist: 'C:\Program Files\dotnet\sdk\6.0.401\Extensions\Microsoft.VisualStudio.TestPlatform.Fakes.dll', returning.
TpTrace Information: 0 : 34516, 1, 2022/10/09, 13:16:51.085, 1889129795268, vstest.console.dll, AssemblyResolver.OnResolve: Microsoft.VisualStudio.TestPlatform.Fakes: Assembly path does not exist: 'C:\Program Files\dotnet\sdk\6.0.401\Extensions\Microsoft.VisualStudio.TestPlatform.Fakes.exe', returning.
TpTrace Information: 0 : 34516, 1, 2022/10/09, 13:16:51.085, 1889129795390, vstest.console.dll, AssemblyResolver.OnResolve: Microsoft.VisualStudio.TestPlatform.Fakes: Searching in: 'C:\Program Files\dotnet\sdk\6.0.401'.
TpTrace Information: 0 : 34516, 1, 2022/10/09, 13:16:51.085, 1889129795651, vstest.console.dll, AssemblyResolver.OnResolve: Microsoft.VisualStudio.TestPlatform.Fakes: Assembly path does not exist: 'C:\Program Files\dotnet\sdk\6.0.401\Microsoft.VisualStudio.TestPlatform.Fakes.dll', returning.
TpTrace Information: 0 : 34516, 1, 2022/10/09, 13:16:51.085, 1889129795899, vstest.console.dll, AssemblyResolver.OnResolve: Microsoft.VisualStudio.TestPlatform.Fakes: Assembly path does not exist: 'C:\Program Files\dotnet\sdk\6.0.401\Microsoft.VisualStudio.TestPlatform.Fakes.exe', returning.
TpTrace Information: 0 : 34516, 1, 2022/10/09, 13:16:51.085, 1889129796021, vstest.console.dll, AssemblyResolver.OnResolve: Microsoft.VisualStudio.TestPlatform.Fakes: Failed to load assembly.
TpTrace Information: 0 : 34516, 1, 2022/10/09, 13:16:51.085, 1889129797578, vstest.console.dll, Failed to load assembly Microsoft.VisualStudio.TestPlatform.Fakes, Version=17.0.0.0, Culture=neutral. Reason:System.IO.FileNotFoundException: Could not load file or assembly 'Microsoft.VisualStudio.TestPlatform.Fakes, Version=17.0.0.0, Culture=neutral, PublicKeyToken=null'. The system cannot find the file specified.
File name: 'Microsoft.VisualStudio.TestPlatform.Fakes, Version=17.0.0.0, Culture=neutral, PublicKeyToken=null'
   at System.Reflection.RuntimeAssembly.InternalLoad(ObjectHandleOnStack assemblyName, ObjectHandleOnStack requestingAssembly, StackCrawlMarkHandle stackMark, Boolean throwOnFileNotFound, ObjectHandleOnStack assemblyLoadContext, ObjectHandleOnStack retAssembly)
   at System.Reflection.RuntimeAssembly.InternalLoad(AssemblyName assemblyName, RuntimeAssembly requestingAssembly, StackCrawlMark& stackMark, Boolean throwOnFileNotFound, AssemblyLoadContext assemblyLoadContext)
   at System.Reflection.Assembly.Load(AssemblyName assemblyRef)
   at Microsoft.VisualStudio.TestPlatform.Common.Utilities.FakesUtilities.LoadTestPlatformAssembly()
TpTrace Verbose: 0 : 34516, 1, 2022/10/09, 13:16:51.087, 1889129818632, vstest.console.dll, TestPluginCache.DiscoverTestExtensions: finding test extensions in assemblies ends with: TestLogger.dll TPluginInfo: Microsoft.VisualStudio.TestPlatform.Common.ExtensionFramework.Utilities.TestLoggerPluginInformation TExtension: Microsoft.VisualStudio.TestPlatform.ObjectModel.Client.ITestLogger
TpTrace Verbose: 0 : 34516, 1, 2022/10/09, 13:16:51.087, 1889129819025, vstest.console.dll, TestPluginCache.GetExtensionPaths: Filtered extension paths: 
TpTrace Verbose: 0 : 34516, 1, 2022/10/09, 13:16:51.087, 1889129819162, vstest.console.dll, TestPluginCache.GetExtensionPaths: Added default extension paths: C:\Program Files\dotnet\sdk\6.0.401\Extensions\Microsoft.Diagnostics.NETCore.Client.dll
C:\Program Files\dotnet\sdk\6.0.401\Extensions\Microsoft.TestPlatform.Extensions.BlameDataCollector.dll
C:\Program Files\dotnet\sdk\6.0.401\Extensions\Microsoft.TestPlatform.Extensions.EventLogCollector.dll
C:\Program Files\dotnet\sdk\6.0.401\Extensions\Microsoft.TestPlatform.TestHostRuntimeProvider.dll
C:\Program Files\dotnet\sdk\6.0.401\Extensions\Microsoft.VisualStudio.TestPlatform.Extensions.Html.TestLogger.dll
C:\Program Files\dotnet\sdk\6.0.401\Extensions\Microsoft.VisualStudio.TestPlatform.Extensions.Trx.TestLogger.dll
TpTrace Verbose: 0 : 34516, 1, 2022/10/09, 13:16:51.087, 1889129819309, vstest.console.dll, TestPluginCache.GetExtensionPaths: Added unfilterableExtensionPaths: 
TpTrace Information: 0 : 34516, 1, 2022/10/09, 13:16:51.087, 1889129819904, vstest.console.dll, AssemblyResolver.AddSearchDirectories: Adding more searchDirectories C:\Program Files\dotnet\sdk\6.0.401\Extensions,C:\Program Files\dotnet\sdk\6.0.401
TpTrace Verbose: 0 : 34516, 1, 2022/10/09, 13:16:51.087, 1889129820132, vstest.console.dll, TestPluginCache.DiscoverTestExtensions: Discovering the extensions using extension path.
TpTrace Verbose: 0 : 34516, 1, 2022/10/09, 13:16:51.087, 1889129820301, vstest.console.dll, TestPluginCache.GetExtensionPaths: Filtered extension paths: 
TpTrace Verbose: 0 : 34516, 1, 2022/10/09, 13:16:51.087, 1889129820413, vstest.console.dll, TestPluginCache.GetExtensionPaths: Added default extension paths: C:\Program Files\dotnet\sdk\6.0.401\Extensions\Microsoft.Diagnostics.NETCore.Client.dll
C:\Program Files\dotnet\sdk\6.0.401\Extensions\Microsoft.TestPlatform.Extensions.BlameDataCollector.dll
C:\Program Files\dotnet\sdk\6.0.401\Extensions\Microsoft.TestPlatform.Extensions.EventLogCollector.dll
C:\Program Files\dotnet\sdk\6.0.401\Extensions\Microsoft.TestPlatform.TestHostRuntimeProvider.dll
C:\Program Files\dotnet\sdk\6.0.401\Extensions\Microsoft.VisualStudio.TestPlatform.Extensions.Html.TestLogger.dll
C:\Program Files\dotnet\sdk\6.0.401\Extensions\Microsoft.VisualStudio.TestPlatform.Extensions.Trx.TestLogger.dll
TpTrace Verbose: 0 : 34516, 1, 2022/10/09, 13:16:51.087, 1889129820864, vstest.console.dll, TestPluginCache.GetExtensionPaths: Added unfilterableExtensionPaths: 
TpTrace Verbose: 0 : 34516, 1, 2022/10/09, 13:16:51.087, 1889129821024, vstest.console.dll, TestPluginCache.DiscoverTestExtensions: Discovering the extensions using allExtensionPaths: C:\Program Files\dotnet\sdk\6.0.401\Extensions\Microsoft.Diagnostics.NETCore.Client.dll
C:\Program Files\dotnet\sdk\6.0.401\Extensions\Microsoft.TestPlatform.Extensions.BlameDataCollector.dll
C:\Program Files\dotnet\sdk\6.0.401\Extensions\Microsoft.TestPlatform.Extensions.EventLogCollector.dll
C:\Program Files\dotnet\sdk\6.0.401\Extensions\Microsoft.TestPlatform.TestHostRuntimeProvider.dll
C:\Program Files\dotnet\sdk\6.0.401\Extensions\Microsoft.VisualStudio.TestPlatform.Extensions.Html.TestLogger.dll
C:\Program Files\dotnet\sdk\6.0.401\Extensions\Microsoft.VisualStudio.TestPlatform.Extensions.Trx.TestLogger.dll
TpTrace Information: 0 : 34516, 1, 2022/10/09, 13:16:51.087, 1889129821242, vstest.console.dll, AssemblyResolver.AddSearchDirectories: Adding more searchDirectories C:\Program Files\dotnet\sdk\6.0.401\Extensions,C:\Program Files\dotnet\sdk\6.0.401
TpTrace Information: 0 : 34516, 1, 2022/10/09, 13:16:51.087, 1889129821372, vstest.console.dll, AssemblyResolver.AddSearchDirectories: Adding more searchDirectories C:\Program Files\dotnet\sdk\6.0.401\Extensions,C:\Program Files\dotnet\sdk\6.0.401
TpTrace Information: 0 : 34516, 1, 2022/10/09, 13:16:51.087, 1889129821488, vstest.console.dll, AssemblyResolver.AddSearchDirectories: Adding more searchDirectories C:\Program Files\dotnet\sdk\6.0.401\Extensions,C:\Program Files\dotnet\sdk\6.0.401
TpTrace Information: 0 : 34516, 1, 2022/10/09, 13:16:51.087, 1889129821615, vstest.console.dll, AssemblyResolver.AddSearchDirectories: Adding more searchDirectories C:\Program Files\dotnet\sdk\6.0.401\Extensions,C:\Program Files\dotnet\sdk\6.0.401
TpTrace Information: 0 : 34516, 1, 2022/10/09, 13:16:51.087, 1889129821731, vstest.console.dll, AssemblyResolver.AddSearchDirectories: Adding more searchDirectories C:\Program Files\dotnet\sdk\6.0.401\Extensions,C:\Program Files\dotnet\sdk\6.0.401
TpTrace Information: 0 : 34516, 1, 2022/10/09, 13:16:51.087, 1889129821846, vstest.console.dll, AssemblyResolver.AddSearchDirectories: Adding more searchDirectories C:\Program Files\dotnet\sdk\6.0.401\Extensions,C:\Program Files\dotnet\sdk\6.0.401
TpTrace Verbose: 0 : 34516, 1, 2022/10/09, 13:16:51.087, 1889129822548, vstest.console.dll, MetadataReaderExtensionsHelper: Discovering extensions inside assembly 'Microsoft.Diagnostics.NETCore.Client, Version=0.2.5.801, Culture=neutral, PublicKeyToken=31bf3856ad364e35' file path 'C:\Program Files\dotnet\sdk\6.0.401\Extensions\Microsoft.Diagnostics.NETCore.Client.dll'
TpTrace Information: 0 : 34516, 1, 2022/10/09, 13:16:51.088, 1889129827028, vstest.console.dll, AssemblyResolver.OnResolve: Microsoft.Bcl.AsyncInterfaces: Resolving assembly.
TpTrace Information: 0 : 34516, 1, 2022/10/09, 13:16:51.088, 1889129827296, vstest.console.dll, AssemblyResolver.OnResolve: Microsoft.Bcl.AsyncInterfaces: Resolved from cache.
TpTrace Verbose: 0 : 34516, 1, 2022/10/09, 13:16:51.088, 1889129827434, vstest.console.dll, CurrentDomainAssemblyResolve: Resolving assembly 'Microsoft.Bcl.AsyncInterfaces'.
TpTrace Information: 0 : 34516, 1, 2022/10/09, 13:16:51.088, 1889129827636, vstest.console.dll, AssemblyResolver.OnResolve: Microsoft.Bcl.AsyncInterfaces: Resolving assembly.
TpTrace Information: 0 : 34516, 1, 2022/10/09, 13:16:51.088, 1889129827758, vstest.console.dll, AssemblyResolver.OnResolve: Microsoft.Bcl.AsyncInterfaces: Resolved from cache.
TpTrace Verbose: 0 : 34516, 1, 2022/10/09, 13:16:51.088, 1889129827944, vstest.console.dll, CurrentDomainAssemblyResolve: Resolving assembly 'Microsoft.Bcl.AsyncInterfaces'.
TpTrace Verbose: 0 : 34516, 1, 2022/10/09, 13:16:51.088, 1889129828051, vstest.console.dll, CurrentDomainAssemblyResolve: Failed to resolve assembly 'Microsoft.Bcl.AsyncInterfaces'.
TpTrace Verbose: 0 : 34516, 1, 2022/10/09, 13:16:51.088, 1889129829075, vstest.console.dll, CurrentDomainAssemblyResolve: Failed to resolve assembly 'Microsoft.Bcl.AsyncInterfaces'.
TpTrace Warning: 0 : 34516, 1, 2022/10/09, 13:16:51.088, 1889129831047, vstest.console.dll, TestPluginDiscoverer: Failed to get types from assembly 'Microsoft.Diagnostics.NETCore.Client, Version=0.2.5.801, Culture=neutral, PublicKeyToken=31bf3856ad364e35'. Error: System.Reflection.ReflectionTypeLoadException: Unable to load one or more of the requested types.
Could not load file or assembly 'Microsoft.Bcl.AsyncInterfaces, Version=1.0.0.0, Culture=neutral, PublicKeyToken=cc7b13ffcd2ddd51'. The system cannot find the file specified.
   at System.Reflection.RuntimeModule.GetTypes(RuntimeModule module)
   at System.Reflection.Assembly.GetTypes()
   at Microsoft.VisualStudio.TestPlatform.Common.ExtensionFramework.TestPluginDiscoverer.GetTestExtensionsFromAssembly[TPluginInfo,TExtension](Assembly assembly, Dictionary`2 pluginInfos, String filePath)
System.IO.FileNotFoundException: Could not load file or assembly 'Microsoft.Bcl.AsyncInterfaces, Version=1.0.0.0, Culture=neutral, PublicKeyToken=cc7b13ffcd2ddd51'. The system cannot find the file specified.
File name: 'Microsoft.Bcl.AsyncInterfaces, Version=1.0.0.0, Culture=neutral, PublicKeyToken=cc7b13ffcd2ddd51'
 ---> System.IO.FileNotFoundException: Could not load file or assembly 'Microsoft.Bcl.AsyncInterfaces, Culture=neutral, PublicKeyToken=null'. The system cannot find the file specified.
File name: 'Microsoft.Bcl.AsyncInterfaces, Culture=neutral, PublicKeyToken=null'
   at System.Reflection.RuntimeAssembly.InternalLoad(ObjectHandleOnStack assemblyName, ObjectHandleOnStack requestingAssembly, StackCrawlMarkHandle stackMark, Boolean throwOnFileNotFound, ObjectHandleOnStack assemblyLoadContext, ObjectHandleOnStack retAssembly)
   at System.Reflection.RuntimeAssembly.InternalLoad(AssemblyName assemblyName, RuntimeAssembly requestingAssembly, StackCrawlMark& stackMark, Boolean throwOnFileNotFound, AssemblyLoadContext assemblyLoadContext)
   at System.Reflection.Assembly.Load(AssemblyName assemblyRef)
   at Microsoft.VisualStudio.TestPlatform.Common.ExtensionFramework.TestPluginCache.CurrentDomainAssemblyResolve(Object sender, AssemblyResolveEventArgs args)
   at Microsoft.VisualStudio.TestPlatform.PlatformAbstractions.PlatformAssemblyResolver.AssemblyResolverEvent(Object sender, Object eventArgs)
   at System.Runtime.Loader.AssemblyLoadContext.GetFirstResolvedAssemblyFromResolvingEvent(AssemblyName assemblyName)
   at System.Runtime.Loader.AssemblyLoadContext.ResolveUsingEvent(AssemblyName assemblyName)
   at System.Runtime.Loader.AssemblyLoadContext.ResolveUsingResolvingEvent(IntPtr gchManagedAssemblyLoadContext, AssemblyName assemblyName)
TpTrace Warning: 0 : 34516, 1, 2022/10/09, 13:16:51.088, 1889129832041, vstest.console.dll, LoaderExceptions: System.IO.FileNotFoundException: Could not load file or assembly 'Microsoft.Bcl.AsyncInterfaces, Version=1.0.0.0, Culture=neutral, PublicKeyToken=cc7b13ffcd2ddd51'. The system cannot find the file specified.
File name: 'Microsoft.Bcl.AsyncInterfaces, Version=1.0.0.0, Culture=neutral, PublicKeyToken=cc7b13ffcd2ddd51'
 ---> System.IO.FileNotFoundException: Could not load file or assembly 'Microsoft.Bcl.AsyncInterfaces, Culture=neutral, PublicKeyToken=null'. The system cannot find the file specified.
File name: 'Microsoft.Bcl.AsyncInterfaces, Culture=neutral, PublicKeyToken=null'
   at System.Reflection.RuntimeAssembly.InternalLoad(ObjectHandleOnStack assemblyName, ObjectHandleOnStack requestingAssembly, StackCrawlMarkHandle stackMark, Boolean throwOnFileNotFound, ObjectHandleOnStack assemblyLoadContext, ObjectHandleOnStack retAssembly)
   at System.Reflection.RuntimeAssembly.InternalLoad(AssemblyName assemblyName, RuntimeAssembly requestingAssembly, StackCrawlMark& stackMark, Boolean throwOnFileNotFound, AssemblyLoadContext assemblyLoadContext)
   at System.Reflection.Assembly.Load(AssemblyName assemblyRef)
   at Microsoft.VisualStudio.TestPlatform.Common.ExtensionFramework.TestPluginCache.CurrentDomainAssemblyResolve(Object sender, AssemblyResolveEventArgs args)
   at Microsoft.VisualStudio.TestPlatform.PlatformAbstractions.PlatformAssemblyResolver.AssemblyResolverEvent(Object sender, Object eventArgs)
   at System.Runtime.Loader.AssemblyLoadContext.GetFirstResolvedAssemblyFromResolvingEvent(AssemblyName assemblyName)
   at System.Runtime.Loader.AssemblyLoadContext.ResolveUsingEvent(AssemblyName assemblyName)
   at System.Runtime.Loader.AssemblyLoadContext.ResolveUsingResolvingEvent(IntPtr gchManagedAssemblyLoadContext, AssemblyName assemblyName)
TpTrace Verbose: 0 : 34516, 1, 2022/10/09, 13:16:51.088, 1889129832728, vstest.console.dll, MetadataReaderExtensionsHelper: Discovering extensions inside assembly 'Microsoft.TestPlatform.Extensions.BlameDataCollector, Version=15.0.0.0, Culture=neutral, PublicKeyToken=b03f5f7f11d50a3a' file path 'C:\Program Files\dotnet\sdk\6.0.401\Extensions\Microsoft.TestPlatform.Extensions.BlameDataCollector.dll'
TpTrace Information: 0 : 34516, 1, 2022/10/09, 13:16:51.089, 1889129836639, vstest.console.dll, GetTestExtensionFromType: Register extension with identifier data 'logger://Microsoft/TestPlatform/Extensions/Blame/v1' and type 'Microsoft.TestPlatform.Extensions.BlameDataCollector.BlameLogger, Microsoft.TestPlatform.Extensions.BlameDataCollector, Version=15.0.0.0, Culture=neutral, PublicKeyToken=b03f5f7f11d50a3a' inside file 'C:\Program Files\dotnet\sdk\6.0.401\Extensions\Microsoft.TestPlatform.Extensions.BlameDataCollector.dll'
TpTrace Verbose: 0 : 34516, 1, 2022/10/09, 13:16:51.089, 1889129837023, vstest.console.dll, MetadataReaderExtensionsHelper: Discovering extensions inside assembly 'Microsoft.TestPlatform.Extensions.EventLogCollector, Version=15.0.0.0, Culture=neutral, PublicKeyToken=b03f5f7f11d50a3a' file path 'C:\Program Files\dotnet\sdk\6.0.401\Extensions\Microsoft.TestPlatform.Extensions.EventLogCollector.dll'
TpTrace Verbose: 0 : 34516, 1, 2022/10/09, 13:16:51.089, 1889129840321, vstest.console.dll, MetadataReaderExtensionsHelper: Discovering extensions inside assembly 'Microsoft.TestPlatform.TestHostRuntimeProvider, Version=15.0.0.0, Culture=neutral, PublicKeyToken=b03f5f7f11d50a3a' file path 'C:\Program Files\dotnet\sdk\6.0.401\Extensions\Microsoft.TestPlatform.TestHostRuntimeProvider.dll'
TpTrace Verbose: 0 : 34516, 1, 2022/10/09, 13:16:51.089, 1889129843103, vstest.console.dll, MetadataReaderExtensionsHelper: Discovering extensions inside assembly 'Microsoft.VisualStudio.TestPlatform.Extensions.Html.TestLogger, Version=15.0.0.0, Culture=neutral, PublicKeyToken=b03f5f7f11d50a3a' file path 'C:\Program Files\dotnet\sdk\6.0.401\Extensions\Microsoft.VisualStudio.TestPlatform.Extensions.Html.TestLogger.dll'
TpTrace Information: 0 : 34516, 1, 2022/10/09, 13:16:51.090, 1889129846253, vstest.console.dll, GetTestExtensionFromType: Register extension with identifier data 'logger://Microsoft/TestPlatform/HtmlLogger/v1' and type 'Microsoft.VisualStudio.TestPlatform.Extensions.HtmlLogger.HtmlLogger, Microsoft.VisualStudio.TestPlatform.Extensions.Html.TestLogger, Version=15.0.0.0, Culture=neutral, PublicKeyToken=b03f5f7f11d50a3a' inside file 'C:\Program Files\dotnet\sdk\6.0.401\Extensions\Microsoft.VisualStudio.TestPlatform.Extensions.Html.TestLogger.dll'
TpTrace Verbose: 0 : 34516, 1, 2022/10/09, 13:16:51.090, 1889129846603, vstest.console.dll, MetadataReaderExtensionsHelper: Discovering extensions inside assembly 'Microsoft.VisualStudio.TestPlatform.Extensions.Trx.TestLogger, Version=15.0.0.0, Culture=neutral, PublicKeyToken=b03f5f7f11d50a3a' file path 'C:\Program Files\dotnet\sdk\6.0.401\Extensions\Microsoft.VisualStudio.TestPlatform.Extensions.Trx.TestLogger.dll'
TpTrace Information: 0 : 34516, 1, 2022/10/09, 13:16:51.090, 1889129849652, vstest.console.dll, GetTestExtensionFromType: Register extension with identifier data 'logger://Microsoft/TestPlatform/TrxLogger/v1' and type 'Microsoft.VisualStudio.TestPlatform.Extensions.TrxLogger.TrxLogger, Microsoft.VisualStudio.TestPlatform.Extensions.Trx.TestLogger, Version=15.0.0.0, Culture=neutral, PublicKeyToken=b03f5f7f11d50a3a' inside file 'C:\Program Files\dotnet\sdk\6.0.401\Extensions\Microsoft.VisualStudio.TestPlatform.Extensions.Trx.TestLogger.dll'
TpTrace Verbose: 0 : 34516, 1, 2022/10/09, 13:16:51.090, 1889129850012, vstest.console.dll, TestPluginCache: Discovered the extensions using extension path ''.
TpTrace Verbose: 0 : 34516, 1, 2022/10/09, 13:16:51.090, 1889129850182, vstest.console.dll, TestPluginCache: Discoverers are ''.
TpTrace Verbose: 0 : 34516, 1, 2022/10/09, 13:16:51.090, 1889129850289, vstest.console.dll, TestPluginCache: Executors are ''.
TpTrace Verbose: 0 : 34516, 1, 2022/10/09, 13:16:51.090, 1889129850390, vstest.console.dll, TestPluginCache: Executors2 are ''.
TpTrace Verbose: 0 : 34516, 1, 2022/10/09, 13:16:51.090, 1889129850489, vstest.console.dll, TestPluginCache: Setting providers are ''.
TpTrace Verbose: 0 : 34516, 1, 2022/10/09, 13:16:51.090, 1889129850869, vstest.console.dll, TestPluginCache: Loggers are 'logger://Microsoft/TestPlatform/Extensions/Blame/v1,logger://Microsoft/TestPlatform/HtmlLogger/v1,logger://Microsoft/TestPlatform/TrxLogger/v1'.
TpTrace Verbose: 0 : 34516, 1, 2022/10/09, 13:16:51.090, 1889129851065, vstest.console.dll, TestPluginCache: TestHosts are 'HostProvider://DefaultTestHost,HostProvider://DotnetTestHost'.
TpTrace Verbose: 0 : 34516, 1, 2022/10/09, 13:16:51.090, 1889129851198, vstest.console.dll, TestPluginCache: DataCollectors are ''.
TpTrace Information: 0 : 34516, 1, 2022/10/09, 13:16:51.090, 1889129854658, vstest.console.dll, TestPluginManager.CreateTestExtension: Attempting to load test extension: Microsoft.TestPlatform.Extensions.BlameDataCollector.BlameLogger
TpTrace Verbose: 0 : 34516, 1, 2022/10/09, 13:16:51.094, 1889129887178, vstest.console.dll, TestEngine: Initializing Parallel Execution as MaxCpuCount is set to: 1
TpTrace Information: 0 : 34516, 1, 2022/10/09, 13:16:51.095, 1889129897911, vstest.console.dll, TestPluginManager.CreateTestExtension: Attempting to load test extension: Microsoft.VisualStudio.TestPlatform.CrossPlatEngine.Hosting.DefaultTestHostManager
TpTrace Information: 0 : 34516, 1, 2022/10/09, 13:16:51.096, 1889129908524, vstest.console.dll, TestPluginManager.CreateTestExtension: Attempting to load test extension: Microsoft.VisualStudio.TestPlatform.CrossPlatEngine.Hosting.DotnetTestHostManager
TpTrace Information: 0 : 34516, 1, 2022/10/09, 13:16:51.096, 1889129913940, vstest.console.dll, InferRunSettingsHelper.IsTestSettingsEnabled: Unable to navigate to RunSettings/MSTest. Current node: RunSettings
TpTrace Verbose: 0 : 34516, 1, 2022/10/09, 13:16:51.100, 1889129945065, vstest.console.dll, TestEngine.GetExecutionManager: Chosen execution manager 'Microsoft.VisualStudio.TestPlatform.CrossPlatEngine.Client.Parallel.ParallelProxyExecutionManager, Microsoft.TestPlatform.CrossPlatEngine, Version=15.0.0.0, Culture=neutral, PublicKeyToken=b03f5f7f11d50a3a' ParallelLevel '1'.
TpTrace Verbose: 0 : 34516, 1, 2022/10/09, 13:16:51.100, 1889129945906, vstest.console.dll, TestRunRequest.ExecuteAsync: Creating test run request.
TpTrace Verbose: 0 : 34516, 1, 2022/10/09, 13:16:51.100, 1889129947455, vstest.console.dll, TestRunRequest.ExecuteAsync: Starting.
TpTrace Information: 0 : 34516, 1, 2022/10/09, 13:16:51.100, 1889129949504, vstest.console.dll, TestRunRequest.ExecuteAsync: Starting run with settings:TestRunCriteria:
   KeepAlive=False,FrequencyOfRunStatsChangeEvent=10,RunStatsChangeEventTimeout=00:00:01.5000000,TestCaseFilter=,TestExecutorLauncher=
   Settingsxml=<RunSettings>
  <RunConfiguration>
    <ResultsDirectory>D:\Cognizant\CDE\Project\CollateralManagement\CollateralManagementTest\bin\Debug\net5.0\fine-code-coverage\coverage-tool-output</ResultsDirectory>
    <TargetPlatform>X64</TargetPlatform>
    <TargetFrameworkVersion>.NETCoreApp,Version=v5.0</TargetFrameworkVersion>
    <DesignMode>False</DesignMode>
    <CollectSourceInformation>False</CollectSourceInformation>
  </RunConfiguration>
  <LoggerRunSettings>
    <Loggers>
      <Logger friendlyName="blame" enabled="True" />
      <Logger friendlyName="Console" uri="logger://microsoft/TestPlatform/ConsoleLogger/v1" assemblyQualifiedName="Microsoft.VisualStudio.TestPlatform.CommandLine.Internal.ConsoleLogger, vstest.console, Version=15.0.0.0, Culture=neutral, PublicKeyToken=b03f5f7f11d50a3a" codeBase="C:\Program Files\dotnet\sdk\6.0.401\vstest.console.dll" enabled="True" />
    </Loggers>
  </LoggerRunSettings>
  <DataCollectionRunSettings>
    <DataCollectors>
      <DataCollector friendlyName="blame" enabled="True">
        <Configuration>
          <ResultsDirectory>D:\Cognizant\CDE\Project\CollateralManagement\CollateralManagementTest\bin\Debug\net5.0\fine-code-coverage\coverage-tool-output</ResultsDirectory>
        </Configuration>
      </DataCollector>
    </DataCollectors>
  </DataCollectionRunSettings>
</RunSettings>

TpTrace Verbose: 0 : 34516, 1, 2022/10/09, 13:16:51.100, 1889129949811, vstest.console.dll, TestRunRequest.ExecuteAsync: Wait for the first run request is over.
TpTrace Verbose: 0 : 34516, 1, 2022/10/09, 13:16:51.100, 1889129951444, vstest.console.dll, MulticastDelegateUtilities.SafeInvoke: TestRun.TestRunStart: Invoking callbacks was skipped because there are no subscribers.
TpTrace Verbose: 0 : 34516, 4, 2022/10/09, 13:16:51.100, 1889129954414, vstest.console.dll, MulticastDelegateUtilities.SafeInvoke: InternalTestLoggerEvents.SendTestRunStart: Invoking callback 1/1 for Microsoft.VisualStudio.TestPlatform.CommandLine.Internal.ConsoleLogger.TestRunStartHandler, took 0 ms.
TpTrace Verbose: 0 : 34516, 1, 2022/10/09, 13:16:51.101, 1889129958103, vstest.console.dll, ParallelProxyExecutionManager: Start execution. Total sources: 1
TpTrace Verbose: 0 : 34516, 1, 2022/10/09, 13:16:51.102, 1889129966687, vstest.console.dll, TestRequestSender is acting as server.
TpTrace Verbose: 0 : 34516, 1, 2022/10/09, 13:16:51.102, 1889129973752, vstest.console.dll, DataCollectionRequestSender.InitializeCommunication : Initialize communication. 
TpTrace Information: 0 : 34516, 1, 2022/10/09, 13:16:51.106, 1889130010156, vstest.console.dll, Listening on Endpoint : 127.0.0.1:57725
TpTrace Verbose: 0 : 34516, 1, 2022/10/09, 13:16:51.111, 1889130057971, vstest.console.dll, DotnetDataCollectionLauncher: Adding  --runtimeconfig "C:\Program Files\dotnet\sdk\6.0.401\datacollector.runtimeconfig.json" in args
TpTrace Verbose: 0 : 34516, 1, 2022/10/09, 13:16:51.111, 1889130058761, vstest.console.dll, DotnetDataCollectionLauncher: Adding  --depsfile "C:\Program Files\dotnet\sdk\6.0.401\datacollector.deps.json" in args
TpTrace Verbose: 0 : 34516, 1, 2022/10/09, 13:16:51.111, 1889130059538, vstest.console.dll, DotnetDataCollectionLauncher: Full path of dotnet.exe is C:\Program Files\dotnet\dotnet.exe
TpTrace Information: 0 : 34516, 1, 2022/10/09, 13:16:51.119, 1889130138689, vstest.console.dll, ProxyDataCollectionManager.Initialize: Launched datacollector processId: 64844 port: 57725
TpTrace Information: 0 : 34516, 1, 2022/10/09, 13:16:51.119, 1889130140376, vstest.console.dll, ProxyDataCollectionManager.Initialize: waiting for connection with timeout: 90 seconds
TpTrace Verbose: 0 : 34516, 1, 2022/10/09, 13:16:51.119, 1889130140853, vstest.console.dll, DataCollectionRequestSender.WaitForRequestHandlerConnection : Waiting for connection with timeout: 90000
TpTrace Information: 0 : 34516, 5, 2022/10/09, 13:16:51.220, 1889131149130, vstest.console.dll, Using the buffer size of 16384 bytes
TpTrace Information: 0 : 34516, 5, 2022/10/09, 13:16:51.220, 1889131150163, vstest.console.dll, Accepted Client request and set the flag
TpTrace Verbose: 0 : 34516, 1, 2022/10/09, 13:16:51.220, 1889131149297, vstest.console.dll, SocketCommunicationManager.WaitForClientConnection took: 100 ms, with 90000 ms timeout, and finished with True.
TpTrace Verbose: 0 : 34516, 1, 2022/10/09, 13:16:51.220, 1889131151415, vstest.console.dll, ProxyDataCollectionManager.InvokeDataCollectionServiceAction: Starting.
TpTrace Information: 0 : 34516, 1, 2022/10/09, 13:16:51.220, 1889131151941, vstest.console.dll, ProxyDataCollectionManager.BeforeTestRunStart: Get environment variable and port for datacollector processId: 64844 port: 57725
TpTrace Verbose: 0 : 34516, 1, 2022/10/09, 13:16:51.220, 1889131152578, vstest.console.dll, DataCollectionRequestSender.SendBeforeTestRunStartAndGetResult: Send BeforeTestRunStart message with settingsXml <RunSettings><RunConfiguration><ResultsDirectory>D:\Cognizant\CDE\Project\CollateralManagement\CollateralManagementTest\bin\Debug\net5.0\fine-code-coverage\coverage-tool-output</ResultsDirectory><TargetPlatform>X64</TargetPlatform><TargetFrameworkVersion>.NETCoreApp,Version=v5.0</TargetFrameworkVersion><DesignMode>False</DesignMode><CollectSourceInformation>False</CollectSourceInformation><TestAdaptersPaths>C:\Program Files\dotnet\sdk\6.0.401\Extensions</TestAdaptersPaths></RunConfiguration><LoggerRunSettings><Loggers><Logger friendlyName="blame" enabled="True" /><Logger friendlyName="Console" uri="logger://microsoft/TestPlatform/ConsoleLogger/v1" assemblyQualifiedName="Microsoft.VisualStudio.TestPlatform.CommandLine.Internal.ConsoleLogger, vstest.console, Version=15.0.0.0, Culture=neutral, PublicKeyToken=b03f5f7f11d50a3a" codeBase="C:\Program Files\dotnet\sdk\6.0.401\vstest.console.dll" enabled="True" /></Loggers></LoggerRunSettings><DataCollectionRunSettings><DataCollectors><DataCollector friendlyName="blame" enabled="True"><Configuration><ResultsDirectory>D:\Cognizant\CDE\Project\CollateralManagement\CollateralManagementTest\bin\Debug\net5.0\fine-code-coverage\coverage-tool-output</ResultsDirectory></Configuration></DataCollector></DataCollectors></DataCollectionRunSettings></RunSettings> and sources System.Collections.Generic.List`1[System.String]: 
TpTrace Verbose: 0 : 34516, 1, 2022/10/09, 13:16:51.265, 1889131604628, vstest.console.dll, DataCollectionRequestSender.SendBeforeTestRunStartAndGetResult: Received message: (DataCollection.SendMessage) -> {"MessageType":"DataCollection.SendMessage","Payload":{"FriendlyName":null,"Uri":null,"TestCaseId":"00000000-0000-0000-0000-000000000000","Message":"Logging DataCollector Diagnostics in file: D:\\Cognizant\\CDE\\Project\\CollateralManagement\\CollateralManagementTest\\bin\\Debug\\net5.0\\fine-code-coverage\\coverage-tool-output\\diagnostics.datacollector.22-10-09_13-16-51_11116_1.log","Level":0}}
TpTrace Verbose: 0 : 34516, 1, 2022/10/09, 13:16:51.330, 1889132254109, vstest.console.dll, DataCollectionRequestSender.SendBeforeTestRunStartAndGetResult: Received message: (DataCollection.BeforeTestRunStartResult) -> {"MessageType":"DataCollection.BeforeTestRunStartResult","Payload":{"EnvironmentVariables":{},"DataCollectionEventsPort":57727}}
TpTrace Information: 0 : 34516, 1, 2022/10/09, 13:16:51.334, 1889132289384, vstest.console.dll, ProxyDataCollectionManager.BeforeTestRunStart: SendBeforeTestRunStartAndGetResult successful, env variable from datacollector:   and testhost port: 57727
TpTrace Information: 0 : 34516, 1, 2022/10/09, 13:16:51.334, 1889132289905, vstest.console.dll, ProxyDataCollectionManager.InvokeDataCollectionServiceAction: Completed.
TpTrace Verbose: 0 : 34516, 1, 2022/10/09, 13:16:51.334, 1889132290886, vstest.console.dll, ProxyParallelExecutionManager: No sources available for execution.
TpTrace Information: 0 : 34516, 1, 2022/10/09, 13:16:51.334, 1889132291207, vstest.console.dll, TestRunRequest.ExecuteAsync: Started.
TpTrace Verbose: 0 : 34516, 1, 2022/10/09, 13:16:51.334, 1889132291779, vstest.console.dll, TestRunRequest.WaitForCompletion: Waiting with timeout -1.
TpTrace Verbose: 0 : 34516, 7, 2022/10/09, 13:16:51.334, 1889132291752, vstest.console.dll, ParallelProxyExecutionManager: Execution started. Started clients: 1
TpTrace Verbose: 0 : 34516, 7, 2022/10/09, 13:16:51.334, 1889132293951, vstest.console.dll, TestRunRequest:SendTestRunMessage: Starting.
TpTrace Verbose: 0 : 34516, 7, 2022/10/09, 13:16:51.335, 1889132294855, vstest.console.dll, MulticastDelegateUtilities.SafeInvoke: TestRun.LogMessages: Invoking callback 1/1 for Microsoft.VisualStudio.TestPlatform.CommandLine.TestRunResultAggregator.TestRunMessageHandler, took 0 ms.
TpTrace Information: 0 : 34516, 7, 2022/10/09, 13:16:51.335, 1889132295134, vstest.console.dll, TestRunRequest:SendTestRunMessage: Completed.
TpTrace Verbose: 0 : 34516, 4, 2022/10/09, 13:16:51.335, 1889132294944, vstest.console.dll, MulticastDelegateUtilities.SafeInvoke: InternalTestLoggerEvents.SendTestRunMessage: Invoking callback 1/1 for Microsoft.VisualStudio.TestPlatform.CommandLine.Internal.ConsoleLogger.TestMessageHandler, took 0 ms.
TpTrace Verbose: 0 : 34516, 7, 2022/10/09, 13:16:51.335, 1889132296450, vstest.console.dll, ProxyExecutionManager: Test host is always Lazy initialize.
TpTrace Verbose: 0 : 34516, 7, 2022/10/09, 13:16:51.335, 1889132297864, vstest.console.dll, TestRequestSender.InitializeCommunication: initialize communication. 
TpTrace Information: 0 : 34516, 7, 2022/10/09, 13:16:51.335, 1889132302093, vstest.console.dll, SocketServer.Start: Listening on endpoint : 127.0.0.1:57728
TpTrace Verbose: 0 : 34516, 7, 2022/10/09, 13:16:51.336, 1889132307247, vstest.console.dll, DotnetTestHostmanager.GetTestHostProcessStartInfo: Platform environment 'X64' target architecture 'X64' framework '.NETCoreApp,Version=v5.0' OS 'Windows'
TpTrace Verbose: 0 : 34516, 7, 2022/10/09, 13:16:51.336, 1889132308272, vstest.console.dll, DotnetTestHostmanager: Adding  --runtimeconfig "D:\Cognizant\CDE\Project\CollateralManagement\CollateralManagementTest\bin\Debug\net5.0\fine-code-coverage\build-output\CollateralManagementTest.runtimeconfig.json" in args
TpTrace Verbose: 0 : 34516, 7, 2022/10/09, 13:16:51.336, 1889132308691, vstest.console.dll, DotnetTestHostmanager: Adding  --depsfile "D:\Cognizant\CDE\Project\CollateralManagement\CollateralManagementTest\bin\Debug\net5.0\fine-code-coverage\build-output\CollateralManagementTest.deps.json" in args
TpTrace Verbose: 0 : 34516, 7, 2022/10/09, 13:16:51.336, 1889132310859, vstest.console.dll, DotnetTestHostmanager.IsWinOnArm: Current PROCESSOR_ARCHITECTURE from environment variable 'AMD64'
TpTrace Verbose: 0 : 34516, 7, 2022/10/09, 13:16:51.336, 1889132311154, vstest.console.dll, DotnetTestHostmanager.IsWinOnArm: Is Windows on ARM 'False'
TpTrace Verbose: 0 : 34516, 7, 2022/10/09, 13:16:51.336, 1889132311430, vstest.console.dll, DotnetTestHostManager: testhost.exe found at path: D:\Cognizant\CDE\Project\CollateralManagement\CollateralManagementTest\bin\Debug\net5.0\fine-code-coverage\build-output\testhost.exe
TpTrace Verbose: 0 : 34516, 7, 2022/10/09, 13:16:51.336, 1889132311583, vstest.console.dll, DotnetTestHostmanager: Full path of host exe is D:\Cognizant\CDE\Project\CollateralManagement\CollateralManagementTest\bin\Debug\net5.0\fine-code-coverage\build-output\testhost.exe
TpTrace Verbose: 0 : 34516, 7, 2022/10/09, 13:16:51.336, 1889132312135, vstest.console.dll, DotnetTestHostmanager.LaunchTestHostAsync: Found 'VSTEST_WINAPPHOST_DOTNET_ROOT' in env variables, value 'C:\Program Files\dotnet', forwarding to 'DOTNET_ROOT'
TpTrace Verbose: 0 : 34516, 7, 2022/10/09, 13:16:51.336, 1889132312832, vstest.console.dll, DotnetTestHostManager: Starting process 'D:\Cognizant\CDE\Project\CollateralManagement\CollateralManagementTest\bin\Debug\net5.0\fine-code-coverage\build-output\testhost.exe' with command line ' --runtimeconfig "D:\Cognizant\CDE\Project\CollateralManagement\CollateralManagementTest\bin\Debug\net5.0\fine-code-coverage\build-output\CollateralManagementTest.runtimeconfig.json" --depsfile "D:\Cognizant\CDE\Project\CollateralManagement\CollateralManagementTest\bin\Debug\net5.0\fine-code-coverage\build-output\CollateralManagementTest.deps.json" --port 57728 --endpoint 127.0.0.1:057728 --role client --parentprocessid 34516 --diag "D:\Cognizant\CDE\Project\CollateralManagement\CollateralManagementTest\bin\Debug\net5.0\fine-code-coverage\coverage-tool-output\diagnostics.host.22-10-09_13-16-51_33601_7.log" --tracelevel 4 --datacollectionport 57727 --telemetryoptedin false'
TpTrace Verbose: 0 : 34516, 7, 2022/10/09, 13:16:51.341, 1889132355678, vstest.console.dll, MulticastDelegateUtilities.SafeInvoke: HostProviderEvents.OnHostLaunched: Invoking callback 1/2 for Microsoft.VisualStudio.TestPlatform.CrossPlatEngine.Client.ProxyExecutionManagerWithDataCollection.TestHostLaunchedHandler, took 1 ms.
TpTrace Verbose: 0 : 34516, 7, 2022/10/09, 13:16:51.341, 1889132356530, vstest.console.dll, Test Runtime launched
TpTrace Verbose: 0 : 34516, 7, 2022/10/09, 13:16:51.341, 1889132356925, vstest.console.dll, MulticastDelegateUtilities.SafeInvoke: HostProviderEvents.OnHostLaunched: Invoking callback 2/2 for Microsoft.VisualStudio.TestPlatform.CrossPlatEngine.Client.ProxyOperationManager.TestHostManagerHostLaunched, took 0 ms.
TpTrace Verbose: 0 : 34516, 7, 2022/10/09, 13:16:51.341, 1889132357919, vstest.console.dll, TestRequestSender.WaitForRequestHandlerConnection: waiting for connection with timeout: 90000.
TpTrace Verbose: 0 : 34516, 13, 2022/10/09, 13:16:51.461, 1889133558182, vstest.console.dll, MulticastDelegateUtilities.SafeInvoke: SocketServer: ClientConnected: Invoking callback 1/1 for Microsoft.VisualStudio.TestPlatform.CommunicationUtilities.TestRequestSender.<InitializeCommunication>b__24_0, took 0 ms.
TpTrace Verbose: 0 : 34516, 13, 2022/10/09, 13:16:51.461, 1889133559060, vstest.console.dll, SocketServer.OnClientConnected: Client connected for endPoint: 127.0.0.1:57728, starting MessageLoopAsync:
TpTrace Verbose: 0 : 34516, 7, 2022/10/09, 13:16:51.461, 1889133558347, vstest.console.dll, TestRequestSender.WaitForRequestHandlerConnection: waiting took 120 ms, with timeout 90000 ms, and result 0, which is success.
TpTrace Verbose: 0 : 34516, 10, 2022/10/09, 13:16:51.461, 1889133563400, vstest.console.dll, TcpClientExtensions.MessageLoopAsync: Polling on remoteEndPoint: 127.0.0.1:57729 localEndPoint: 127.0.0.1:57728
TpTrace Verbose: 0 : 34516, 7, 2022/10/09, 13:16:51.462, 1889133565754, vstest.console.dll, TestRequestSender.CheckVersionWithTestHost: Sending check version message: {"MessageType":"ProtocolVersion","Payload":7}
TpTrace Verbose: 0 : 34516, 10, 2022/10/09, 13:16:51.558, 1889134531372, vstest.console.dll, TcpClientExtensions.MessageLoopAsync: NotifyDataAvailable remoteEndPoint: 127.0.0.1:57729 localEndPoint: 127.0.0.1:57728
TpTrace Verbose: 0 : 34516, 10, 2022/10/09, 13:16:51.559, 1889134534815, vstest.console.dll, TestRequestSender.CheckVersionWithTestHost: onMessageReceived received message: (ProtocolVersion) -> {"MessageType":"ProtocolVersion","Payload":5}
TpTrace Verbose: 0 : 34516, 10, 2022/10/09, 13:16:51.559, 1889134544633, vstest.console.dll, MulticastDelegateUtilities.SafeInvoke: LengthPrefixCommunicationChannel: MessageReceived: Invoking callback 1/1 for Microsoft.VisualStudio.TestPlatform.CommunicationUtilities.TestRequestSender+<>c__DisplayClass26_0.<CheckVersionWithTestHost>b__0, took 1 ms.
TpTrace Verbose: 0 : 34516, 10, 2022/10/09, 13:16:51.560, 1889134545631, vstest.console.dll, TcpClientExtensions.MessageLoopAsync: Polling on remoteEndPoint: 127.0.0.1:57729 localEndPoint: 127.0.0.1:57728
TpTrace Verbose: 0 : 34516, 7, 2022/10/09, 13:16:51.560, 1889134546791, vstest.console.dll, TestPluginCache.GetExtensionPaths: Filtered extension paths: 
TpTrace Verbose: 0 : 34516, 7, 2022/10/09, 13:16:51.560, 1889134547239, vstest.console.dll, TestPluginCache.GetExtensionPaths: Added default extension paths: C:\Program Files\dotnet\sdk\6.0.401\Extensions\Microsoft.Diagnostics.NETCore.Client.dll
C:\Program Files\dotnet\sdk\6.0.401\Extensions\Microsoft.TestPlatform.Extensions.BlameDataCollector.dll
C:\Program Files\dotnet\sdk\6.0.401\Extensions\Microsoft.TestPlatform.Extensions.EventLogCollector.dll
C:\Program Files\dotnet\sdk\6.0.401\Extensions\Microsoft.TestPlatform.TestHostRuntimeProvider.dll
C:\Program Files\dotnet\sdk\6.0.401\Extensions\Microsoft.VisualStudio.TestPlatform.Extensions.Html.TestLogger.dll
C:\Program Files\dotnet\sdk\6.0.401\Extensions\Microsoft.VisualStudio.TestPlatform.Extensions.Trx.TestLogger.dll
TpTrace Verbose: 0 : 34516, 7, 2022/10/09, 13:16:51.560, 1889134547613, vstest.console.dll, TestPluginCache.GetExtensionPaths: Added unfilterableExtensionPaths: 
TpTrace Verbose: 0 : 34516, 7, 2022/10/09, 13:16:51.563, 1889134580294, vstest.console.dll, TestRequestSender.InitializeExecution: Sending initialize execution with message: {"Version":5,"MessageType":"TestExecution.Initialize","Payload":["D:\\Cognizant\\CDE\\Project\\CollateralManagement\\CollateralManagementTest\\bin\\Debug\\net5.0\\fine-code-coverage\\build-output\\NUnit3.TestAdapter.dll"]}
TpTrace Warning: 0 : 34516, 7, 2022/10/09, 13:16:51.563, 1889134583586, vstest.console.dll, InferRunSettingsHelper.MakeRunsettingsCompatible: Removing the following settings: TargetPlatform from RunSettings file. To use those settings please move to latest version of Microsoft.NET.Test.Sdk
TpTrace Verbose: 0 : 34516, 10, 2022/10/09, 13:16:51.567, 1889134619182, vstest.console.dll, TcpClientExtensions.MessageLoopAsync: NotifyDataAvailable remoteEndPoint: 127.0.0.1:57729 localEndPoint: 127.0.0.1:57728
TpTrace Verbose: 0 : 34516, 10, 2022/10/09, 13:16:51.567, 1889134620631, vstest.console.dll, TestRequestSender.OnExecutionMessageReceived: Received message: {"Version":5,"MessageType":"TestSession.Message","Payload":{"MessageLevel":0,"Message":"Logging TestHost Diagnostics in file: D:\\Cognizant\\CDE\\Project\\CollateralManagement\\CollateralManagementTest\\bin\\Debug\\net5.0\\fine-code-coverage\\coverage-tool-output\\diagnostics.host.22-10-09_13-16-51_33601_7.log"}}
TpTrace Verbose: 0 : 34516, 7, 2022/10/09, 13:16:51.569, 1889134635227, vstest.console.dll, TestRequestSender.StartTestRun: Sending test run with message: {"Version":5,"MessageType":"TestExecution.StartWithSources","Payload":{"AdapterSourceMap":{"_none_":["D:\\Cognizant\\CDE\\Project\\CollateralManagement\\CollateralManagementTest\\bin\\Debug\\net5.0\\fine-code-coverage\\build-output\\CollateralManagementTest.dll"]},"RunSettings":"<RunSettings>\r\n  <RunConfiguration>\r\n    <ResultsDirectory>D:\\Cognizant\\CDE\\Project\\CollateralManagement\\CollateralManagementTest\\bin\\Debug\\net5.0\\fine-code-coverage\\coverage-tool-output</ResultsDirectory>\r\n    <TargetFrameworkVersion>.NETCoreApp,Version=v5.0</TargetFrameworkVersion>\r\n    <DesignMode>False</DesignMode>\r\n    <CollectSourceInformation>False</CollectSourceInformation>\r\n  </RunConfiguration>\r\n  <LoggerRunSettings>\r\n    <Loggers>\r\n      <Logger friendlyName=\"blame\" enabled=\"True\" />\r\n      <Logger friendlyName=\"Console\" uri=\"logger://microsoft/TestPlatform/ConsoleLogger/v1\" assemblyQualifiedName=\"Microsoft.VisualStudio.TestPlatform.CommandLine.Internal.ConsoleLogger, vstest.console, Version=15.0.0.0, Culture=neutral, PublicKeyToken=b03f5f7f11d50a3a\" codeBase=\"C:\\Program Files\\dotnet\\sdk\\6.0.401\\vstest.console.dll\" enabled=\"True\" />\r\n    </Loggers>\r\n  </LoggerRunSettings>\r\n  <DataCollectionRunSettings>\r\n    <DataCollectors>\r\n      <DataCollector friendlyName=\"blame\" enabled=\"True\">\r\n        <Configuration>\r\n          <ResultsDirectory>D:\\Cognizant\\CDE\\Project\\CollateralManagement\\CollateralManagementTest\\bin\\Debug\\net5.0\\fine-code-coverage\\coverage-tool-output</ResultsDirectory>\r\n        </Configuration>\r\n      </DataCollector>\r\n    </DataCollectors>\r\n  </DataCollectionRunSettings>\r\n</RunSettings>","TestExecutionContext":{"FrequencyOfRunStatsChangeEvent":10,"RunStatsChangeEventTimeout":"00:00:01.5000000","InIsolation":false,"KeepAlive":false,"AreTestCaseLevelEventsRequired":false,"IsDebug":false,"TestCaseFilter":null,"FilterOptions":null},"Package":null}}
TpTrace Verbose: 0 : 34516, 10, 2022/10/09, 13:16:51.569, 1889134639679, vstest.console.dll, TestRunRequest:SendTestRunMessage: Starting.
TpTrace Verbose: 0 : 34516, 10, 2022/10/09, 13:16:51.569, 1889134640247, vstest.console.dll, MulticastDelegateUtilities.SafeInvoke: TestRun.LogMessages: Invoking callback 1/1 for Microsoft.VisualStudio.TestPlatform.CommandLine.TestRunResultAggregator.TestRunMessageHandler, took 0 ms.
TpTrace Information: 0 : 34516, 10, 2022/10/09, 13:16:51.569, 1889134640452, vstest.console.dll, TestRunRequest:SendTestRunMessage: Completed.
TpTrace Verbose: 0 : 34516, 10, 2022/10/09, 13:16:51.569, 1889134640667, vstest.console.dll, MulticastDelegateUtilities.SafeInvoke: LengthPrefixCommunicationChannel: MessageReceived: Invoking callback 1/1 for Microsoft.VisualStudio.TestPlatform.CommunicationUtilities.TestRequestSender+<>c__DisplayClass31_0.<StartTestRun>b__1, took 2 ms.
TpTrace Verbose: 0 : 34516, 4, 2022/10/09, 13:16:51.569, 1889134640773, vstest.console.dll, MulticastDelegateUtilities.SafeInvoke: InternalTestLoggerEvents.SendTestRunMessage: Invoking callback 1/1 for Microsoft.VisualStudio.TestPlatform.CommandLine.Internal.ConsoleLogger.TestMessageHandler, took 0 ms.
TpTrace Verbose: 0 : 34516, 10, 2022/10/09, 13:16:51.569, 1889134640851, vstest.console.dll, TcpClientExtensions.MessageLoopAsync: Polling on remoteEndPoint: 127.0.0.1:57729 localEndPoint: 127.0.0.1:57728
TpTrace Verbose: 0 : 34516, 10, 2022/10/09, 13:16:51.660, 1889135551729, vstest.console.dll, TcpClientExtensions.MessageLoopAsync: NotifyDataAvailable remoteEndPoint: 127.0.0.1:57729 localEndPoint: 127.0.0.1:57728
TpTrace Verbose: 0 : 34516, 10, 2022/10/09, 13:16:51.660, 1889135553110, vstest.console.dll, TestRequestSender.OnExecutionMessageReceived: Received message: {"Version":5,"MessageType":"TestSession.Message","Payload":{"MessageLevel":0,"Message":"NUnit Adapter 3.17.0.0: Test execution started"}}
TpTrace Verbose: 0 : 34516, 10, 2022/10/09, 13:16:51.660, 1889135554542, vstest.console.dll, TestRunRequest:SendTestRunMessage: Starting.
TpTrace Verbose: 0 : 34516, 10, 2022/10/09, 13:16:51.661, 1889135554968, vstest.console.dll, MulticastDelegateUtilities.SafeInvoke: TestRun.LogMessages: Invoking callback 1/1 for Microsoft.VisualStudio.TestPlatform.CommandLine.TestRunResultAggregator.TestRunMessageHandler, took 0 ms.
TpTrace Information: 0 : 34516, 10, 2022/10/09, 13:16:51.661, 1889135555398, vstest.console.dll, TestRunRequest:SendTestRunMessage: Completed.
TpTrace Verbose: 0 : 34516, 10, 2022/10/09, 13:16:51.661, 1889135555570, vstest.console.dll, MulticastDelegateUtilities.SafeInvoke: LengthPrefixCommunicationChannel: MessageReceived: Invoking callback 1/1 for Microsoft.VisualStudio.TestPlatform.CommunicationUtilities.TestRequestSender+<>c__DisplayClass31_0.<StartTestRun>b__1, took 0 ms.
TpTrace Verbose: 0 : 34516, 10, 2022/10/09, 13:16:51.661, 1889135555743, vstest.console.dll, TcpClientExtensions.MessageLoopAsync: Polling on remoteEndPoint: 127.0.0.1:57729 localEndPoint: 127.0.0.1:57728
TpTrace Verbose: 0 : 34516, 4, 2022/10/09, 13:16:51.661, 1889135555825, vstest.console.dll, MulticastDelegateUtilities.SafeInvoke: InternalTestLoggerEvents.SendTestRunMessage: Invoking callback 1/1 for Microsoft.VisualStudio.TestPlatform.CommandLine.Internal.ConsoleLogger.TestMessageHandler, took 0 ms.
TpTrace Verbose: 0 : 34516, 10, 2022/10/09, 13:16:51.682, 1889135767071, vstest.console.dll, TcpClientExtensions.MessageLoopAsync: NotifyDataAvailable remoteEndPoint: 127.0.0.1:57729 localEndPoint: 127.0.0.1:57728
TpTrace Verbose: 0 : 34516, 10, 2022/10/09, 13:16:51.682, 1889135768367, vstest.console.dll, TestRequestSender.OnExecutionMessageReceived: Received message: {"Version":5,"MessageType":"TestSession.Message","Payload":{"MessageLevel":0,"Message":"Running all tests in D:\\Cognizant\\CDE\\Project\\CollateralManagement\\CollateralManagementTest\\bin\\Debug\\net5.0\\fine-code-coverage\\build-output\\CollateralManagementTest.dll"}}
TpTrace Verbose: 0 : 34516, 10, 2022/10/09, 13:16:51.682, 1889135769249, vstest.console.dll, TestRunRequest:SendTestRunMessage: Starting.
TpTrace Verbose: 0 : 34516, 10, 2022/10/09, 13:16:51.682, 1889135769648, vstest.console.dll, MulticastDelegateUtilities.SafeInvoke: TestRun.LogMessages: Invoking callback 1/1 for Microsoft.VisualStudio.TestPlatform.CommandLine.TestRunResultAggregator.TestRunMessageHandler, took 0 ms.
TpTrace Information: 0 : 34516, 10, 2022/10/09, 13:16:51.682, 1889135770001, vstest.console.dll, TestRunRequest:SendTestRunMessage: Completed.
TpTrace Verbose: 0 : 34516, 10, 2022/10/09, 13:16:51.682, 1889135770175, vstest.console.dll, MulticastDelegateUtilities.SafeInvoke: LengthPrefixCommunicationChannel: MessageReceived: Invoking callback 1/1 for Microsoft.VisualStudio.TestPlatform.CommunicationUtilities.TestRequestSender+<>c__DisplayClass31_0.<StartTestRun>b__1, took 0 ms.
TpTrace Verbose: 0 : 34516, 4, 2022/10/09, 13:16:51.682, 1889135770133, vstest.console.dll, MulticastDelegateUtilities.SafeInvoke: InternalTestLoggerEvents.SendTestRunMessage: Invoking callback 1/1 for Microsoft.VisualStudio.TestPlatform.CommandLine.Internal.ConsoleLogger.TestMessageHandler, took 0 ms.
TpTrace Verbose: 0 : 34516, 10, 2022/10/09, 13:16:51.682, 1889135770541, vstest.console.dll, TcpClientExtensions.MessageLoopAsync: Polling on remoteEndPoint: 127.0.0.1:57729 localEndPoint: 127.0.0.1:57728
TpTrace Verbose: 0 : 34516, 10, 2022/10/09, 13:16:51.771, 1889136662187, vstest.console.dll, TcpClientExtensions.MessageLoopAsync: NotifyDataAvailable remoteEndPoint: 127.0.0.1:57729 localEndPoint: 127.0.0.1:57728
TpTrace Verbose: 0 : 34516, 10, 2022/10/09, 13:16:51.771, 1889136663727, vstest.console.dll, TestRequestSender.OnExecutionMessageReceived: Received message: {"Version":5,"MessageType":"TestSession.Message","Payload":{"MessageLevel":0,"Message":"   NUnit3TestExecutor discovered 3 of 3 NUnit test cases"}}
TpTrace Verbose: 0 : 34516, 10, 2022/10/09, 13:16:51.771, 1889136664522, vstest.console.dll, TestRunRequest:SendTestRunMessage: Starting.
TpTrace Verbose: 0 : 34516, 10, 2022/10/09, 13:16:51.772, 1889136664850, vstest.console.dll, MulticastDelegateUtilities.SafeInvoke: TestRun.LogMessages: Invoking callback 1/1 for Microsoft.VisualStudio.TestPlatform.CommandLine.TestRunResultAggregator.TestRunMessageHandler, took 0 ms.
TpTrace Information: 0 : 34516, 10, 2022/10/09, 13:16:51.772, 1889136665176, vstest.console.dll, TestRunRequest:SendTestRunMessage: Completed.
TpTrace Verbose: 0 : 34516, 10, 2022/10/09, 13:16:51.772, 1889136665318, vstest.console.dll, MulticastDelegateUtilities.SafeInvoke: LengthPrefixCommunicationChannel: MessageReceived: Invoking callback 1/1 for Microsoft.VisualStudio.TestPlatform.CommunicationUtilities.TestRequestSender+<>c__DisplayClass31_0.<StartTestRun>b__1, took 0 ms.
TpTrace Verbose: 0 : 34516, 10, 2022/10/09, 13:16:51.772, 1889136665463, vstest.console.dll, TcpClientExtensions.MessageLoopAsync: Polling on remoteEndPoint: 127.0.0.1:57729 localEndPoint: 127.0.0.1:57728
TpTrace Verbose: 0 : 34516, 4, 2022/10/09, 13:16:51.772, 1889136665609, vstest.console.dll, MulticastDelegateUtilities.SafeInvoke: InternalTestLoggerEvents.SendTestRunMessage: Invoking callback 1/1 for Microsoft.VisualStudio.TestPlatform.CommandLine.Internal.ConsoleLogger.TestMessageHandler, took 0 ms.
TpTrace Verbose: 0 : 34516, 10, 2022/10/09, 13:16:51.940, 1889138352800, vstest.console.dll, TcpClientExtensions.MessageLoopAsync: NotifyDataAvailable remoteEndPoint: 127.0.0.1:57729 localEndPoint: 127.0.0.1:57728
TpTrace Verbose: 0 : 34516, 10, 2022/10/09, 13:16:51.940, 1889138354204, vstest.console.dll, TestRequestSender.OnExecutionMessageReceived: Received message: {"Version":5,"MessageType":"TestSession.Message","Payload":{"MessageLevel":0,"Message":"NUnit Adapter 3.17.0.0: Test execution complete"}}
TpTrace Verbose: 0 : 34516, 10, 2022/10/09, 13:16:51.941, 1889138355173, vstest.console.dll, TestRunRequest:SendTestRunMessage: Starting.
TpTrace Verbose: 0 : 34516, 10, 2022/10/09, 13:16:51.941, 1889138355548, vstest.console.dll, MulticastDelegateUtilities.SafeInvoke: TestRun.LogMessages: Invoking callback 1/1 for Microsoft.VisualStudio.TestPlatform.CommandLine.TestRunResultAggregator.TestRunMessageHandler, took 0 ms.
TpTrace Information: 0 : 34516, 10, 2022/10/09, 13:16:51.941, 1889138355859, vstest.console.dll, TestRunRequest:SendTestRunMessage: Completed.
TpTrace Verbose: 0 : 34516, 10, 2022/10/09, 13:16:51.941, 1889138356077, vstest.console.dll, MulticastDelegateUtilities.SafeInvoke: LengthPrefixCommunicationChannel: MessageReceived: Invoking callback 1/1 for Microsoft.VisualStudio.TestPlatform.CommunicationUtilities.TestRequestSender+<>c__DisplayClass31_0.<StartTestRun>b__1, took 0 ms.
TpTrace Verbose: 0 : 34516, 10, 2022/10/09, 13:16:51.941, 1889138356240, vstest.console.dll, TcpClientExtensions.MessageLoopAsync: Polling on remoteEndPoint: 127.0.0.1:57729 localEndPoint: 127.0.0.1:57728
TpTrace Verbose: 0 : 34516, 4, 2022/10/09, 13:16:51.941, 1889138356238, vstest.console.dll, MulticastDelegateUtilities.SafeInvoke: InternalTestLoggerEvents.SendTestRunMessage: Invoking callback 1/1 for Microsoft.VisualStudio.TestPlatform.CommandLine.Internal.ConsoleLogger.TestMessageHandler, took 0 ms.
TpTrace Verbose: 0 : 34516, 10, 2022/10/09, 13:16:51.974, 1889138686707, vstest.console.dll, TcpClientExtensions.MessageLoopAsync: NotifyDataAvailable remoteEndPoint: 127.0.0.1:57729 localEndPoint: 127.0.0.1:57728
TpTrace Verbose: 0 : 34516, 10, 2022/10/09, 13:16:51.974, 1889138690124, vstest.console.dll, TestRequestSender.OnExecutionMessageReceived: Received message: {"Version":5,"MessageType":"TestExecution.Completed","Payload":{"TestRunCompleteArgs":{"TestRunStatistics":{"ExecutedTests":3,"Stats":{"Passed":2,"Failed":1}},"IsCanceled":false,"IsAborted":false,"Error":null,"AttachmentSets":[],"ElapsedTimeInRunningTests":"00:00:00.2924404","Metrics":{}},"LastRunTests":{"NewTestResults":[{"TestCase":{"Id":"b21cd15f-7fd8-e1f8-0a3c-720d72a6c12c","FullyQualifiedName":"CollateralManagementTest.Tests.get_valid_collateral_realestate_details(1,5,\"Real Estate\")","DisplayName":"get_valid_collateral_realestate_details(1,5,\"Real Estate\")","ExecutorUri":"executor://NUnit3TestExecutor","Source":"D:\\Cognizant\\CDE\\Project\\CollateralManagement\\CollateralManagementTest\\bin\\Debug\\net5.0\\fine-code-coverage\\build-output\\CollateralManagementTest.dll","CodeFilePath":null,"LineNumber":0,"Properties":[]},"Attachments":[],"Outcome":1,"ErrorMessage":null,"ErrorStackTrace":null,"DisplayName":"get_valid_collateral_realestate_details(1,5,\"Real Estate\")","Messages":[],"ComputerName":"DESKTOP-NMM3QCR","Duration":"00:00:00.1159590","StartTime":"2022-10-09T07:46:51.7921481+00:00","EndTime":"2022-10-09T07:46:51.9080594+00:00","Properties":[]},{"TestCase":{"Id":"8c0988a4-dba2-4980-0d5e-8b23dfee163d","FullyQualifiedName":"CollateralManagementTest.Tests.Post_Invalid_Collateral_RealEstate","DisplayName":"Post_Invalid_Collateral_RealEstate","ExecutorUri":"executor://NUnit3TestExecutor","Source":"D:\\Cognizant\\CDE\\Project\\CollateralManagement\\CollateralManagementTest\\bin\\Debug\\net5.0\\fine-code-coverage\\build-output\\CollateralManagementTest.dll","CodeFilePath":null,"LineNumber":0,"Properties":[]},"Attachments":[],"Outcome":2,"ErrorMessage":"  Expected: 400\r\n  But was:  200\r\n","ErrorStackTrace":"   at CollateralManagementTest.Tests.Post_Invalid_Collateral_RealEstate() in D:\\Cognizant\\CDE\\Project\\CollateralManagement\\CollateralManagementTest\\CollateralTest.cs:line 76\r\n","DisplayName":"Post_Invalid_Collateral_RealEstate","Messages":[],"ComputerName":"DESKTOP-NMM3QCR","Duration":"00:00:00.0246140","StartTime":"2022-10-09T07:46:51.909865+00:00","EndTime":"2022-10-09T07:46:51.9344786+00:00","Properties":[]},{"TestCase":{"Id":"a74a668e-10c2-6d6e-f3cd-48325f6a24f3","FullyQualifiedName":"CollateralManagementTest.Tests.Post_Valid_Collateral_CashDeposit","DisplayName":"Post_Valid_Collateral_CashDeposit","ExecutorUri":"executor://NUnit3TestExecutor","Source":"D:\\Cognizant\\CDE\\Project\\CollateralManagement\\CollateralManagementTest\\bin\\Debug\\net5.0\\fine-code-coverage\\build-output\\CollateralManagementTest.dll","CodeFilePath":null,"LineNumber":0,"Properties":[]},"Attachments":[],"Outcome":1,"ErrorMessage":null,"ErrorStackTrace":null,"DisplayName":"Post_Valid_Collateral_CashDeposit","Messages":[],"ComputerName":"DESKTOP-NMM3QCR","Duration":"00:00:00.0015720","StartTime":"2022-10-09T07:46:51.9345564+00:00","EndTime":"2022-10-09T07:46:51.9361283+00:00","Properties":[]}],"TestRunStatistics":{"ExecutedTests":3,"Stats":{"Passed":2,"Failed":1}},"ActiveTests":[]},"RunAttachments":[],"ExecutorUris":["executor://nunit3testexecutor/"]}}
TpTrace Verbose: 0 : 34516, 10, 2022/10/09, 13:16:51.974, 1889138691089, vstest.console.dll, TestRequestSender.EndSession: Sending end session.
TpTrace Verbose: 0 : 34516, 10, 2022/10/09, 13:16:51.974, 1889138692482, vstest.console.dll, ProxyOperationManager.Close: waiting for test host to exit for 100 ms
TpTrace Warning: 0 : 34516, 12, 2022/10/09, 13:16:51.994, 1889138893920, vstest.console.dll, TestHostManagerCallbacks.ErrorReceivedCallback Test host standard error line: 
TpTrace Verbose: 0 : 34516, 12, 2022/10/09, 13:16:52.004, 1889138994300, vstest.console.dll, TestHostProvider.ExitCallBack: Host exited starting callback.
TpTrace Information: 0 : 34516, 12, 2022/10/09, 13:16:52.005, 1889138998334, vstest.console.dll, TestHostManagerCallbacks.ExitCallBack: Testhost processId: 50464 exited with exitcode: 0 error: ''
TpTrace Verbose: 0 : 34516, 12, 2022/10/09, 13:16:52.005, 1889138998856, vstest.console.dll, DotnetTestHostManager.OnHostExited: invoking OnHostExited callback
TpTrace Verbose: 0 : 34516, 12, 2022/10/09, 13:16:52.005, 1889138999352, vstest.console.dll, CrossPlatEngine.TestHostManagerHostExited: calling on client process exit callback.
TpTrace Information: 0 : 34516, 12, 2022/10/09, 13:16:52.005, 1889138999841, vstest.console.dll, TestRequestSender.OnClientProcessExit: Test host process exited. Standard error: 
TpTrace Information: 0 : 34516, 12, 2022/10/09, 13:16:52.005, 1889139000130, vstest.console.dll, SocketServer.Stop: Stop server endPoint: 127.0.0.1:57728
TpTrace Information: 0 : 34516, 10, 2022/10/09, 13:16:52.005, 1889139000207, vstest.console.dll, SocketServer.Stop: Stop server endPoint: 127.0.0.1:57728
TpTrace Information: 0 : 34516, 10, 2022/10/09, 13:16:52.005, 1889139000810, vstest.console.dll, SocketServer.Stop: Cancellation requested. Stopping message loop.
TpTrace Information: 0 : 34516, 12, 2022/10/09, 13:16:52.005, 1889139000326, vstest.console.dll, SocketServer.Stop: Cancellation requested. Stopping message loop.
TpTrace Information: 0 : 34516, 10, 2022/10/09, 13:16:52.005, 1889139002310, vstest.console.dll, Closing the connection
TpTrace Verbose: 0 : 34516, 12, 2022/10/09, 13:16:52.005, 1889139002306, vstest.console.dll, MulticastDelegateUtilities.SafeInvoke: HostProviderEvents.OnHostExited: Invoking callback 1/1 for Microsoft.VisualStudio.TestPlatform.CrossPlatEngine.Client.ProxyOperationManager.TestHostManagerHostExited, took 0 ms.
TpTrace Verbose: 0 : 34516, 10, 2022/10/09, 13:16:52.006, 1889139004880, vstest.console.dll, ProxyDataCollectionManager.InvokeDataCollectionServiceAction: Starting.
TpTrace Information: 0 : 34516, 10, 2022/10/09, 13:16:52.006, 1889139005344, vstest.console.dll, ProxyDataCollectionManager.AfterTestRunEnd: Get attachment set and invoked data collectors processId: 64844 port: 57725
TpTrace Verbose: 0 : 34516, 10, 2022/10/09, 13:16:52.006, 1889139005818, vstest.console.dll, DataCollectionRequestSender.SendAfterTestRunStartAndGetResult: Send AfterTestRunEnd message with isCancelled: False
TpTrace Verbose: 0 : 34516, 10, 2022/10/09, 13:16:52.012, 1889139070362, vstest.console.dll, DataCollectionRequestSender.SendAfterTestRunStartAndGetResult: Received message: (DataCollection.AfterTestRunEndResult) -> {"MessageType":"DataCollection.AfterTestRunEndResult","Payload":{"AttachmentSets":[],"InvokedDataCollectors":[{"Uri":"datacollector://Microsoft/TestPlatform/Extensions/Blame/v1","FriendlyName":"Blame","AssemblyQualifiedName":"Microsoft.TestPlatform.Extensions.BlameDataCollector.BlameCollector, Microsoft.TestPlatform.Extensions.BlameDataCollector, Version=15.0.0.0, Culture=neutral, PublicKeyToken=b03f5f7f11d50a3a","FilePath":"C:\\Program Files\\dotnet\\sdk\\6.0.401\\Extensions\\Microsoft.TestPlatform.Extensions.BlameDataCollector.dll","HasAttachmentProcessor":false}],"Metrics":{}}}
TpTrace Warning: 0 : 34516, 9, 2022/10/09, 13:16:52.016, 1889139105848, vstest.console.dll, DataCollectionLauncher.ErrorReceivedCallback datacollector standard error line: 
TpTrace Information: 0 : 34516, 10, 2022/10/09, 13:16:52.018, 1889139128111, vstest.console.dll, ProxyDataCollectionManager.InvokeDataCollectionServiceAction: Completed.
TpTrace Information: 0 : 34516, 9, 2022/10/09, 13:16:52.020, 1889139150793, vstest.console.dll, DataCollectionLauncher.ExitCallBack: Data collector exited with exitcode: 0 error: ''
TpTrace Verbose: 0 : 34516, 10, 2022/10/09, 13:16:52.068, 1889139634114, vstest.console.dll, TestRunRequest:SendTestRunStatsChange: Starting.
TpTrace Verbose: 0 : 34516, 10, 2022/10/09, 13:16:52.069, 1889139635987, vstest.console.dll, MulticastDelegateUtilities.SafeInvoke: TestRun.RunStatsChanged: Invoking callbacks was skipped because there are no subscribers.
TpTrace Information: 0 : 34516, 10, 2022/10/09, 13:16:52.069, 1889139636227, vstest.console.dll, TestRunRequest:SendTestRunStatsChange: Completed.
TpTrace Verbose: 0 : 34516, 10, 2022/10/09, 13:16:52.069, 1889139638074, vstest.console.dll, ParallelProxyExecutionManager: HandlePartialRunComplete: Total completed clients = 1, Run complete = True, Run canceled: False.
TpTrace Verbose: 0 : 34516, 4, 2022/10/09, 13:16:52.070, 1889139654339, vstest.console.dll, MulticastDelegateUtilities.SafeInvoke: InternalTestLoggerEvents.SendTestResult: Invoking callback 1/1 for Microsoft.VisualStudio.TestPlatform.CommandLine.Internal.ConsoleLogger.TestResultHandler, took 1 ms.
TpTrace Verbose: 0 : 34516, 4, 2022/10/09, 13:16:52.071, 1889139659546, vstest.console.dll, MulticastDelegateUtilities.SafeInvoke: InternalTestLoggerEvents.SendTestResult: Invoking callback 1/1 for Microsoft.VisualStudio.TestPlatform.CommandLine.Internal.ConsoleLogger.TestResultHandler, took 0 ms.
TpTrace Verbose: 0 : 34516, 4, 2022/10/09, 13:16:52.071, 1889139660838, vstest.console.dll, MulticastDelegateUtilities.SafeInvoke: InternalTestLoggerEvents.SendTestResult: Invoking callback 1/1 for Microsoft.VisualStudio.TestPlatform.CommandLine.Internal.ConsoleLogger.TestResultHandler, took 0 ms.
TpTrace Verbose: 0 : 34516, 4, 2022/10/09, 13:16:52.077, 1889139723175, vstest.console.dll, MulticastDelegateUtilities.SafeInvoke: InternalTestLoggerEvents.SendTestRunComplete: Invoking callback 1/2 for Microsoft.TestPlatform.Extensions.BlameDataCollector.BlameLogger.TestRunCompleteHandler, took 0 ms.
TpTrace Verbose: 0 : 34516, 4, 2022/10/09, 13:16:52.081, 1889139764007, vstest.console.dll, MulticastDelegateUtilities.SafeInvoke: InternalTestLoggerEvents.SendTestRunComplete: Invoking callback 2/2 for Microsoft.VisualStudio.TestPlatform.CommandLine.Internal.ConsoleLogger.TestRunCompleteHandler, took 4 ms.
TpTrace Verbose: 0 : 34516, 10, 2022/10/09, 13:16:52.082, 1889139766412, vstest.console.dll, TestRunRequest:TestRunComplete: Starting. IsAborted:False IsCanceled:False.
TpTrace Verbose: 0 : 34516, 10, 2022/10/09, 13:16:52.083, 1889139776064, vstest.console.dll, TestLoggerManager.HandleTestRunComplete: Ignoring as the object is disposed.
TpTrace Verbose: 0 : 34516, 10, 2022/10/09, 13:16:52.083, 1889139777335, vstest.console.dll, MulticastDelegateUtilities.SafeInvoke: TestRun.TestRunComplete: Invoking callback 1/2 for Microsoft.VisualStudio.TestPlatform.CommandLine.TestRunResultAggregator.TestRunCompletionHandler, took 0 ms.
TpTrace Verbose: 0 : 34516, 10, 2022/10/09, 13:16:52.083, 1889139777915, vstest.console.dll, MulticastDelegateUtilities.SafeInvoke: TestRun.TestRunComplete: Invoking callback 2/2 for Microsoft.VisualStudio.TestPlatform.CommandLine.Processors.RunTestsArgumentExecutor+TestRunRequestEventsRegistrar.TestRunRequest_OnRunCompletion, took 0 ms.
TpTrace Information: 0 : 34516, 10, 2022/10/09, 13:16:52.083, 1889139778630, vstest.console.dll, TestRunRequest:TestRunComplete: Completed.
TpTrace Verbose: 0 : 34516, 10, 2022/10/09, 13:16:52.083, 1889139778842, vstest.console.dll, TestRequestSender.SetOperationComplete: Setting operation complete.
TpTrace Information: 0 : 34516, 10, 2022/10/09, 13:16:52.083, 1889139779017, vstest.console.dll, SocketServer.Stop: Stop server endPoint: 127.0.0.1:57728
TpTrace Information: 0 : 34516, 10, 2022/10/09, 13:16:52.083, 1889139779136, vstest.console.dll, SocketServer.Stop: Cancellation requested. Stopping message loop.
TpTrace Verbose: 0 : 34516, 10, 2022/10/09, 13:16:52.083, 1889139779322, vstest.console.dll, MulticastDelegateUtilities.SafeInvoke: LengthPrefixCommunicationChannel: MessageReceived: Invoking callback 1/1 for Microsoft.VisualStudio.TestPlatform.CommunicationUtilities.TestRequestSender+<>c__DisplayClass31_0.<StartTestRun>b__1, took 108 ms.
TpTrace Information: 0 : 34516, 10, 2022/10/09, 13:16:52.083, 1889139779607, vstest.console.dll, SocketServer.PrivateStop: Stopping server endPoint: 127.0.0.1:57728 error: 
TpTrace Verbose: 0 : 34516, 1, 2022/10/09, 13:16:52.083, 1889139779879, vstest.console.dll, TestRunRequest.Dispose: Starting.
TpTrace Information: 0 : 34516, 1, 2022/10/09, 13:16:52.083, 1889139780468, vstest.console.dll, TestRunRequest.Dispose: Completed.
TpTrace Information: 0 : 34516, 1, 2022/10/09, 13:16:52.083, 1889139780809, vstest.console.dll, TestRequestManager.RunTests: run tests completed.
TpTrace Information: 0 : 34516, 1, 2022/10/09, 13:16:52.083, 1889139781333, vstest.console.dll, RunTestsArgumentProcessor:Execute: Test run is completed.
TpTrace Verbose: 0 : 34516, 1, 2022/10/09, 13:16:52.083, 1889139782497, vstest.console.dll, Executor.Execute: Exiting with exit code of 1
TpTrace Verbose: 0 : 34516, 10, 2022/10/09, 13:16:52.083, 1889139783114, vstest.console.dll, LengthPrefixCommunicationChannel.Dispose: Dispose reader and writer.
TpTrace Information: 0 : 34516, 10, 2022/10/09, 13:16:52.083, 1889139783942, vstest.console.dll, SocketServer.Stop: Raise disconnected event endPoint: 127.0.0.1:57728 error: 
TpTrace Verbose: 0 : 34516, 10, 2022/10/09, 13:16:52.083, 1889139784313, vstest.console.dll, TestRequestSender: OnTestRunAbort: Operation is already complete. Skip error message.
TpTrace Verbose: 0 : 34516, 10, 2022/10/09, 13:16:52.083, 1889139784585, vstest.console.dll, MulticastDelegateUtilities.SafeInvoke: SocketServer: ClientDisconnected: Invoking callback 1/1 for Microsoft.VisualStudio.TestPlatform.CommunicationUtilities.TestRequestSender.<InitializeCommunication>b__24_1, took 0 ms.
TpTrace Verbose: 0 : 34516, 10, 2022/10/09, 13:16:52.084, 1889139784793, vstest.console.dll, TcpClientExtensions.MessageLoopAsync: exiting MessageLoopAsync remoteEndPoint: 127.0.0.1:57729 localEndPoint: 127.0.0.1:57728
